2020-04-19 08:44:14:350 [Appium] Welcome to Appium v1.17.0
2020-04-19 08:44:14:351 [Appium] Non-default server args:
2020-04-19 08:44:14:352 [Appium]   logFile: D:\appium.log
2020-04-19 08:44:14:352 [Appium]   logTimestamp: true
2020-04-19 08:44:14:374 [Appium] Appium REST http interface listener started on 0.0.0.0:4723
2020-04-19 08:44:22:973 [HTTP] --> POST /wd/hub/session
2020-04-19 08:44:22:974 [HTTP] {"desiredCapabilities":{"app":"C:\\Users\\nikjain\\eclipse-workspace\\Tutorial\\src\\GeneralStore\\General-Store.apk","automationName":"uiautomator2","platformName":"Android","deviceName":"NikhilEmulator"},"capabilities":{"firstMatch":[{"appium:app":"C:\\Users\\nikjain\\eclipse-workspace\\Tutorial\\src\\GeneralStore\\General-Store.apk","appium:automationName":"uiautomator2","appium:deviceName":"NikhilEmulator","platformName":"android"}]}}
2020-04-19 08:44:22:976 [W3C] Calling AppiumDriver.createSession() with args: [{"app":"C:\\Users\\nikjain\\eclipse-workspace\\Tutorial\\src\\GeneralStore\\General-Store.apk","automationName":"uiautomator2","platformName":"Android","deviceName":"NikhilEmulator"},null,{"firstMatch":[{"appium:app":"C:\\Users\\nikjain\\eclipse-workspace\\Tutorial\\src\\GeneralStore\\General-Store.apk","appium:automationName":"uiautomator2","appium:deviceName":"NikhilEmulator","platformName":"android"}]}]
2020-04-19 08:44:22:977 [BaseDriver] Event 'newSessionRequested' logged at 1587285862977 (14:14:22 GMT+0530 (India Standard Time))
2020-04-19 08:44:23:203 [Appium] Appium v1.17.0 creating new AndroidUiautomator2Driver (v1.44.2) session
2020-04-19 08:44:23:206 [BaseDriver] W3C capabilities and MJSONWP desired capabilities were provided
2020-04-19 08:44:23:210 [BaseDriver] Creating session with W3C capabilities: {
2020-04-19 08:44:23:211 [BaseDriver]   "alwaysMatch": {
2020-04-19 08:44:23:214 [BaseDriver]     "platformName": "android",
2020-04-19 08:44:23:217 [BaseDriver]     "appium:app": "C:\\Users\\nikjain\\eclipse-workspace\\Tutorial\\src\\GeneralStore\\General-Store.apk",
2020-04-19 08:44:23:218 [BaseDriver]     "appium:automationName": "uiautomator2",
2020-04-19 08:44:23:219 [BaseDriver]     "appium:deviceName": "NikhilEmulator"
2020-04-19 08:44:23:220 [BaseDriver]   },
2020-04-19 08:44:23:222 [BaseDriver]   "firstMatch": [
2020-04-19 08:44:23:224 [BaseDriver]     {}
2020-04-19 08:44:23:227 [BaseDriver]   ]
2020-04-19 08:44:23:228 [BaseDriver] }
2020-04-19 08:44:23:236 [BaseDriver] Session created with session id: 42a5c5a2-ff77-4ab6-a462-e8e82262e7bd
2020-04-19 08:44:23:242 [BaseDriver] Using local app 'C:\Users\nikjain\eclipse-workspace\Tutorial\src\GeneralStore\General-Store.apk'
2020-04-19 08:44:23:243 [UiAutomator2] Checking whether app is actually present
2020-04-19 08:44:23:252 [ADB] Found 1 'build-tools' folders under 'C:\Users\nikjain\AppData\Local\Android\Sdk\' (newest first):
2020-04-19 08:44:23:256 [ADB]     C:/Users/nikjain/AppData/Local/Android/Sdk/build-tools/29.0.3
2020-04-19 08:44:23:264 [ADB] Using 'adb.exe' from 'C:\Users\nikjain\AppData\Local\Android\Sdk\platform-tools\adb.exe'
2020-04-19 08:44:23:265 [AndroidDriver] Retrieving device list
2020-04-19 08:44:23:269 [ADB] Trying to find a connected android device
2020-04-19 08:44:23:272 [ADB] Getting connected devices...
2020-04-19 08:44:23:309 [ADB] Connected devices: [{"udid":"emulator-5554","state":"device"}]
2020-04-19 08:44:23:310 [AndroidDriver] Using device: emulator-5554
2020-04-19 08:44:23:315 [ADB] Using 'adb.exe' from 'C:\Users\nikjain\AppData\Local\Android\Sdk\platform-tools\adb.exe'
2020-04-19 08:44:23:317 [ADB] Setting device id to emulator-5554
2020-04-19 08:44:23:321 [ADB] Running 'C:\Users\nikjain\AppData\Local\Android\Sdk\platform-tools\adb.exe -P 5037 -s emulator-5554 shell getprop ro.build.version.sdk'
2020-04-19 08:44:23:425 [ADB] Current device property 'ro.build.version.sdk': 28
2020-04-19 08:44:23:428 [ADB] Getting device platform version
2020-04-19 08:44:23:430 [ADB] Running 'C:\Users\nikjain\AppData\Local\Android\Sdk\platform-tools\adb.exe -P 5037 -s emulator-5554 shell getprop ro.build.version.release'
2020-04-19 08:44:23:509 [ADB] Current device property 'ro.build.version.release': 9
2020-04-19 08:44:23:513 [ADB] Device API level: 28
2020-04-19 08:44:23:514 [UiAutomator2] Relaxing hidden api policy
2020-04-19 08:44:23:519 [ADB] Running 'C:\Users\nikjain\AppData\Local\Android\Sdk\platform-tools\adb.exe -P 5037 -s emulator-5554 shell settings put global hidden_api_policy_pre_p_apps 1'
2020-04-19 08:44:23:702 [ADB] Running 'C:\Users\nikjain\AppData\Local\Android\Sdk\platform-tools\adb.exe -P 5037 -s emulator-5554 shell settings put global hidden_api_policy_p_apps 1'
2020-04-19 08:44:23:800 [ADB] Running 'C:\Users\nikjain\AppData\Local\Android\Sdk\platform-tools\adb.exe -P 5037 -s emulator-5554 shell settings put global hidden_api_policy 1'
2020-04-19 08:44:23:899 [AndroidDriver] Parsing package and activity from app manifest
2020-04-19 08:44:23:910 [ADB] Package name: 'com.androidsample.generalstore'
2020-04-19 08:44:23:914 [ADB] Main activity name: 'com.androidsample.generalstore.SplashActivity'
2020-04-19 08:44:23:915 [AndroidDriver] Parsed package and activity are: com.androidsample.generalstore/com.androidsample.generalstore.SplashActivity
2020-04-19 08:44:23:918 [ADB] Running 'C:\Users\nikjain\AppData\Local\Android\Sdk\platform-tools\adb.exe -P 5037 -s emulator-5554 wait-for-device'
2020-04-19 08:44:23:976 [ADB] Running 'C:\Users\nikjain\AppData\Local\Android\Sdk\platform-tools\adb.exe -P 5037 -s emulator-5554 shell echo ping'
2020-04-19 08:44:24:052 [AndroidDriver] Pushing settings apk to device...
2020-04-19 08:44:24:056 [ADB] Getting install status for io.appium.settings
2020-04-19 08:44:24:058 [ADB] Running 'C:\Users\nikjain\AppData\Local\Android\Sdk\platform-tools\adb.exe -P 5037 -s emulator-5554 shell dumpsys package io.appium.settings'
2020-04-19 08:44:24:166 [ADB] 'io.appium.settings' is installed
2020-04-19 08:44:24:167 [ADB] Getting package info for 'io.appium.settings'
2020-04-19 08:44:24:171 [ADB] Running 'C:\Users\nikjain\AppData\Local\Android\Sdk\platform-tools\adb.exe -P 5037 -s emulator-5554 shell dumpsys package io.appium.settings'
2020-04-19 08:44:24:236 [ADB] The version name of the installed 'io.appium.settings' is greater or equal to the application version name ('3.1.0' >= '3.1.0')
2020-04-19 08:44:24:237 [ADB] There is no need to install/upgrade 'C:\Users\nikjain\AppData\Roaming\npm\node_modules\appium\node_modules\io.appium.settings\apks\settings_apk-debug.apk'
2020-04-19 08:44:24:241 [ADB] Getting IDs of all 'io.appium.settings' processes
2020-04-19 08:44:24:242 [ADB] Running 'C:\Users\nikjain\AppData\Local\Android\Sdk\platform-tools\adb.exe -P 5037 -s emulator-5554 shell 'pgrep --help; echo $?''
2020-04-19 08:44:24:321 [ADB] Running 'C:\Users\nikjain\AppData\Local\Android\Sdk\platform-tools\adb.exe -P 5037 -s emulator-5554 shell pgrep -f io\\.appium\\.settings'
2020-04-19 08:44:24:422 [AndroidDriver] io.appium.settings is already running. There is no need to reset its permissions.
2020-04-19 08:44:24:424 [ADB] Running 'C:\Users\nikjain\AppData\Local\Android\Sdk\platform-tools\adb.exe -P 5037 -s emulator-5554 shell appops set io.appium.settings android\:mock_location allow'
2020-04-19 08:44:24:496 [Logcat] Starting logcat capture
2020-04-19 08:44:24:958 [UiAutomator2] Forwarding UiAutomator2 Server port 6790 to 8206
2020-04-19 08:44:24:960 [ADB] Forwarding system: 8206 to device: 6790
2020-04-19 08:44:24:964 [ADB] Running 'C:\Users\nikjain\AppData\Local\Android\Sdk\platform-tools\adb.exe -P 5037 -s emulator-5554 forward tcp\:8206 tcp\:6790'
2020-04-19 08:44:25:006 [ADB] Getting install status for io.appium.uiautomator2.server
2020-04-19 08:44:25:010 [ADB] Running 'C:\Users\nikjain\AppData\Local\Android\Sdk\platform-tools\adb.exe -P 5037 -s emulator-5554 shell dumpsys package io.appium.uiautomator2.server'
2020-04-19 08:44:25:155 [ADB] 'io.appium.uiautomator2.server' is installed
2020-04-19 08:44:25:160 [ADB] Getting package info for 'io.appium.uiautomator2.server'
2020-04-19 08:44:25:161 [ADB] Running 'C:\Users\nikjain\AppData\Local\Android\Sdk\platform-tools\adb.exe -P 5037 -s emulator-5554 shell dumpsys package io.appium.uiautomator2.server'
2020-04-19 08:44:25:267 [ADB] The version name of the installed 'io.appium.uiautomator2.server' is greater or equal to the application version name ('4.5.5' >= '4.5.5')
2020-04-19 08:44:25:269 [UiAutomator2] io.appium.uiautomator2.server installation state: sameVersionInstalled
2020-04-19 08:44:25:274 [ADB] Checking app cert for C:\Users\nikjain\AppData\Roaming\npm\node_modules\appium\node_modules\appium-uiautomator2-server\apks\appium-uiautomator2-server-v4.5.5.apk
2020-04-19 08:44:25:278 [ADB] Using 'apksigner.jar' from 'C:\Users\nikjain\AppData\Local\Android\Sdk\build-tools\29.0.3\lib\apksigner.jar'
2020-04-19 08:44:25:282 [ADB] Starting apksigner: 'C:\\Program Files\\Java\\jdk1.8.0_131\\bin\\java.exe' -Xmx1024M -Xss1m -jar C:\\Users\\nikjain\\AppData\\Local\\Android\\Sdk\\build-tools\\29.0.3\\lib\\apksigner.jar verify --print-certs C:\\Users\\nikjain\\AppData\\Roaming\\npm\\node_modules\\appium\\node_modules\\appium-uiautomator2-server\\apks\\appium-uiautomator2-server-v4.5.5.apk
2020-04-19 08:44:26:128 [ADB] apksigner stdout: Signer #1 certificate DN: EMAILADDRESS=android@android.com, CN=Android, OU=Android, O=Android, L=Mountain View, ST=California, C=US
2020-04-19 08:44:26:130 [ADB] Signer #1 certificate SHA-256 digest: a40da80a59d170caa950cf15c18c454d47a39b26989d8b640ecd745ba71bf5dc
2020-04-19 08:44:26:134 [ADB] Signer #1 certificate SHA-1 digest: 61ed377e85d386a8dfee6b864bd85b0bfaa5af81
2020-04-19 08:44:26:135 [ADB] Signer #1 certificate MD5 digest: e89b158e4bcf988ebd09eb83f5378e87
2020-04-19 08:44:26:136 [ADB] 
2020-04-19 08:44:26:139 [ADB] 'C:\Users\nikjain\AppData\Roaming\npm\node_modules\appium\node_modules\appium-uiautomator2-server\apks\appium-uiautomator2-server-v4.5.5.apk' is signed with the default certificate
2020-04-19 08:44:26:139 [ADB] Getting install status for io.appium.uiautomator2.server.test
2020-04-19 08:44:26:143 [ADB] Running 'C:\Users\nikjain\AppData\Local\Android\Sdk\platform-tools\adb.exe -P 5037 -s emulator-5554 shell dumpsys package io.appium.uiautomator2.server.test'
2020-04-19 08:44:26:220 [ADB] 'io.appium.uiautomator2.server.test' is installed
2020-04-19 08:44:26:224 [ADB] Checking app cert for C:\Users\nikjain\AppData\Roaming\npm\node_modules\appium\node_modules\appium-uiautomator2-server\apks\appium-uiautomator2-server-debug-androidTest.apk
2020-04-19 08:44:26:229 [ADB] Starting apksigner: 'C:\\Program Files\\Java\\jdk1.8.0_131\\bin\\java.exe' -Xmx1024M -Xss1m -jar C:\\Users\\nikjain\\AppData\\Local\\Android\\Sdk\\build-tools\\29.0.3\\lib\\apksigner.jar verify --print-certs C:\\Users\\nikjain\\AppData\\Roaming\\npm\\node_modules\\appium\\node_modules\\appium-uiautomator2-server\\apks\\appium-uiautomator2-server-debug-androidTest.apk
2020-04-19 08:44:26:846 [ADB] apksigner stdout: Signer #1 certificate DN: EMAILADDRESS=android@android.com, CN=Android, OU=Android, O=Android, L=Mountain View, ST=California, C=US
2020-04-19 08:44:26:847 [ADB] Signer #1 certificate SHA-256 digest: a40da80a59d170caa950cf15c18c454d47a39b26989d8b640ecd745ba71bf5dc
2020-04-19 08:44:26:851 [ADB] Signer #1 certificate SHA-1 digest: 61ed377e85d386a8dfee6b864bd85b0bfaa5af81
2020-04-19 08:44:26:852 [ADB] Signer #1 certificate MD5 digest: e89b158e4bcf988ebd09eb83f5378e87
2020-04-19 08:44:26:854 [ADB] 
2020-04-19 08:44:26:855 [ADB] 'C:\Users\nikjain\AppData\Roaming\npm\node_modules\appium\node_modules\appium-uiautomator2-server\apks\appium-uiautomator2-server-debug-androidTest.apk' is signed with the default certificate
2020-04-19 08:44:26:858 [UiAutomator2] Server packages are not going to be (re)installed
2020-04-19 08:44:26:863 [UiAutomator2] Waiting up to 30000ms for services to be available
2020-04-19 08:44:26:865 [ADB] Running 'C:\Users\nikjain\AppData\Local\Android\Sdk\platform-tools\adb.exe -P 5037 -s emulator-5554 shell pm list instrumentation'
2020-04-19 08:44:26:997 [UiAutomator2] Instrumentation target 'io.appium.uiautomator2.server.test/androidx.test.runner.AndroidJUnitRunner' is available
2020-04-19 08:44:27:003 [ADB] Checking app cert for C:\Users\nikjain\eclipse-workspace\Tutorial\src\GeneralStore\General-Store.apk
2020-04-19 08:44:27:005 [ADB] Starting apksigner: 'C:\\Program Files\\Java\\jdk1.8.0_131\\bin\\java.exe' -Xmx1024M -Xss1m -jar C:\\Users\\nikjain\\AppData\\Local\\Android\\Sdk\\build-tools\\29.0.3\\lib\\apksigner.jar verify --print-certs C:\\Users\\nikjain\\eclipse-workspace\\Tutorial\\src\\GeneralStore\\General-Store.apk
2020-04-19 08:44:28:029 [ADB] apksigner stdout: Signer #1 certificate DN: EMAILADDRESS=android@android.com, CN=Android, OU=Android, O=Android, L=Mountain View, ST=California, C=US
2020-04-19 08:44:28:030 [ADB] Signer #1 certificate SHA-256 digest: a40da80a59d170caa950cf15c18c454d47a39b26989d8b640ecd745ba71bf5dc
2020-04-19 08:44:28:035 [ADB] Signer #1 certificate SHA-1 digest: 61ed377e85d386a8dfee6b864bd85b0bfaa5af81
2020-04-19 08:44:28:036 [ADB] Signer #1 certificate MD5 digest: e89b158e4bcf988ebd09eb83f5378e87
2020-04-19 08:44:28:037 [ADB] 
2020-04-19 08:44:28:044 [ADB] 'C:\Users\nikjain\eclipse-workspace\Tutorial\src\GeneralStore\General-Store.apk' is signed with the default certificate
2020-04-19 08:44:28:045 [ADB] Getting install status for com.androidsample.generalstore
2020-04-19 08:44:28:047 [ADB] Running 'C:\Users\nikjain\AppData\Local\Android\Sdk\platform-tools\adb.exe -P 5037 -s emulator-5554 shell dumpsys package com.androidsample.generalstore'
2020-04-19 08:44:28:181 [ADB] 'com.androidsample.generalstore' is installed
2020-04-19 08:44:28:186 [ADB] Getting package info for 'com.androidsample.generalstore'
2020-04-19 08:44:28:188 [ADB] Running 'C:\Users\nikjain\AppData\Local\Android\Sdk\platform-tools\adb.exe -P 5037 -s emulator-5554 shell dumpsys package com.androidsample.generalstore'
2020-04-19 08:44:28:317 [ADB] The version name of the installed 'com.androidsample.generalstore' is greater or equal to the application version name ('1.0.0' >= '1.0.0')
2020-04-19 08:44:28:321 [ADB] There is no need to install/upgrade 'C:\Users\nikjain\eclipse-workspace\Tutorial\src\GeneralStore\General-Store.apk'
2020-04-19 08:44:28:325 [AndroidDriver] Performing fast reset on 'com.androidsample.generalstore'
2020-04-19 08:44:28:330 [ADB] Getting install status for com.androidsample.generalstore
2020-04-19 08:44:28:335 [ADB] Running 'C:\Users\nikjain\AppData\Local\Android\Sdk\platform-tools\adb.exe -P 5037 -s emulator-5554 shell dumpsys package com.androidsample.generalstore'
2020-04-19 08:44:28:516 [ADB] 'com.androidsample.generalstore' is installed
2020-04-19 08:44:28:522 [ADB] Running 'C:\Users\nikjain\AppData\Local\Android\Sdk\platform-tools\adb.exe -P 5037 -s emulator-5554 shell am force-stop com.androidsample.generalstore'
2020-04-19 08:44:28:995 [ADB] Running 'C:\Users\nikjain\AppData\Local\Android\Sdk\platform-tools\adb.exe -P 5037 -s emulator-5554 shell pm clear com.androidsample.generalstore'
2020-04-19 08:44:29:446 [AndroidDriver] Performed fast reset on the installed 'com.androidsample.generalstore' application (stop and clear)
2020-04-19 08:44:29:448 [UiAutomator2] Performing shallow cleanup of automation leftovers
2020-04-19 08:44:29:513 [UiAutomator2] The following obsolete sessions are still running: ["32fd6583-8740-4626-827b-e07791f9a267"]
2020-04-19 08:44:29:514 [UiAutomator2] Cleaning up the obsolete sessions
2020-04-19 08:44:30:567 [ADB] Running 'C:\Users\nikjain\AppData\Local\Android\Sdk\platform-tools\adb.exe -P 5037 -s emulator-5554 shell am force-stop io.appium.uiautomator2.server.test'
2020-04-19 08:44:30:813 [UiAutomator2] Starting UIAutomator2 server 4.5.5
2020-04-19 08:44:30:817 [UiAutomator2] Using UIAutomator2 server from 'C:\Users\nikjain\AppData\Roaming\npm\node_modules\appium\node_modules\appium-uiautomator2-server\apks\appium-uiautomator2-server-v4.5.5.apk' and test from 'C:\Users\nikjain\AppData\Roaming\npm\node_modules\appium\node_modules\appium-uiautomator2-server\apks\appium-uiautomator2-server-debug-androidTest.apk'
2020-04-19 08:44:30:818 [UiAutomator2] Waiting up to 30000ms for UiAutomator2 to be online...
2020-04-19 08:44:30:820 [ADB] Creating ADB subprocess with args: ["-P",5037,"-s","emulator-5554","shell","am","instrument","-w","io.appium.uiautomator2.server.test/androidx.test.runner.AndroidJUnitRunner"]
2020-04-19 08:44:31:830 [WD Proxy] Matched '/status' to command name 'getStatus'
2020-04-19 08:44:31:835 [WD Proxy] Proxying [GET /status] to [GET http://127.0.0.1:8206/wd/hub/status] with no body
2020-04-19 08:44:31:860 [WD Proxy] Got response with unknown status: {"code":"ECONNRESET"}
2020-04-19 08:44:32:866 [WD Proxy] Matched '/status' to command name 'getStatus'
2020-04-19 08:44:32:870 [WD Proxy] Proxying [GET /status] to [GET http://127.0.0.1:8206/wd/hub/status] with no body
2020-04-19 08:44:32:877 [WD Proxy] Got response with unknown status: {"code":"ECONNRESET"}
2020-04-19 08:44:33:159 [Instrumentation] io.appium.uiautomator2.server.test.AppiumUiAutomator2Server:
2020-04-19 08:44:33:882 [WD Proxy] Matched '/status' to command name 'getStatus'
2020-04-19 08:44:33:886 [WD Proxy] Proxying [GET /status] to [GET http://127.0.0.1:8206/wd/hub/status] with no body
2020-04-19 08:44:33:894 [WD Proxy] Got response with unknown status: {"code":"ECONNRESET"}
2020-04-19 08:44:34:898 [WD Proxy] Matched '/status' to command name 'getStatus'
2020-04-19 08:44:34:903 [WD Proxy] Proxying [GET /status] to [GET http://127.0.0.1:8206/wd/hub/status] with no body
2020-04-19 08:44:35:004 [WD Proxy] Got response with status 200: {"sessionId":"None","value":{"ready":true,"message":"UiAutomator2 Server is ready to accept commands"}}
2020-04-19 08:44:35:005 [UiAutomator2] The initialization of the instrumentation process took 4187ms
2020-04-19 08:44:35:009 [WD Proxy] Matched '/session' to command name 'createSession'
2020-04-19 08:44:35:010 [WD Proxy] Proxying [POST /session] to [POST http://127.0.0.1:8206/wd/hub/session] with body: {"capabilities":{"firstMatch":[{"platform":"LINUX","webStorageEnabled":false,"takesScreenshot":true,"javascriptEnabled":true,"databaseEnabled":false,"networkConnectionEnabled":true,"locationContextEnabled":false,"warnings":{},"desired":{"platformName":"android","app":"C:\\Users\\nikjain\\eclipse-workspace\\Tutorial\\src\\GeneralStore\\General-Store.apk","automationName":"uiautomator2","deviceName":"NikhilEmulator"},"platformName":"android","app":"C:\\Users\\nikjain\\eclipse-workspace\\Tutorial\\src\\GeneralStore\\General-Store.apk","automationName":"uiautomator2","deviceName":"emulator-5554","deviceUDID":"emulator-5554","appPackage":"com.androidsample.generalstore"}],"alwaysMatch":{}}}
2020-04-19 08:44:35:033 [WD Proxy] Got response with status 200: {"sessionId":"fa808553-b774-491a-a250-1b98292fc11a","value":{"sessionId":"fa808553-b774-491a-a250-1b98292fc11a","capabilities":{"firstMatch":[{"platform":"LINUX","webStorageEnabled":false,"takesScreenshot":true,"javascriptEnabled":true,"databaseEnabled":false,"networkConnectionEnabled":true,"locationContextEnabled":false,"warnings":{},"desired":{"platformName":"android","app":"C:\\Users\\nikjain\\eclipse-workspace\\Tutorial\\src\\GeneralStore\\General-Store.apk","automationName":"uiautomator2","deviceName":"NikhilEmulator"},"platformName":"android","app":"C:\\Users\\nikjain\\eclipse-workspace\\Tutorial\\src\\GeneralStore\\General-Store.apk","automationName":"uiautomator2","deviceName":"emulator-5554","deviceUDID":"emulator-5554","appPackage":"com.androidsample.generalstore"}],"alwaysMatch":{}}}}
2020-04-19 08:44:35:034 [WD Proxy] Determined the downstream protocol as 'W3C'
2020-04-19 08:44:35:042 [WD Proxy] Proxying [GET /appium/device/info] to [GET http://127.0.0.1:8206/wd/hub/session/fa808553-b774-491a-a250-1b98292fc11a/appium/device/info] with no body
2020-04-19 08:44:35:093 [WD Proxy] Got response with status 200: {"sessionId":"fa808553-b774-491a-a250-1b98292fc11a","value":{"androidId":"383c706d5bb9c9d7","manufacturer":"Google","model":"AOSP on IA Emulator","brand":"google","apiVersion":"28","platformVersion":"9","carrierName":"Android","realDisplaySize":"1080x2220","displayDensity":440,"networks":[{"type":0,"typeName":"MOBILE","subtype":13,"subtypeName":"LTE","isConnected":true,"detailedState":"CONNECTED","state":"CONNECTED","extraInfo":"epc.tmobile.com","isAvailable":true,"isFailover":false,"isRoaming":false,"capabilities":{"transportTypes":"TRANSPORT_CELLULAR","networkCapabilities":"NET_CAPABILITY_MMS,NET_CAPABILITY_SUPL,NET_CAPABILITY_DUN,NET_CAPABILITY_FOTA,NET_CAPABILITY_IMS,NET_CAPABILITY_CBS,NET_CAPABILITY_IA,NET_CAPABILITY_INTERNET,NET_CAPABILITY_NOT_RESTRICTED,NET_CAPABILITY_TRUSTED,NET_CAPABILITY_NOT_VPN,NET_CAPABILITY_VALIDATED,NET_CAPABILITY_NOT_ROAMING,NET_CAPABILITY_NOT_CONGESTED,NET_CAPABILITY_NOT_SUSPENDED","linkUpstreamBandwidthKbps":51200,"linkDownBandwidthKbps":102400,"signalStrength":-2147483648...
2020-04-19 08:44:35:096 [ADB] Running 'C:\Users\nikjain\AppData\Local\Android\Sdk\platform-tools\adb.exe -P 5037 -s emulator-5554 shell dumpsys window'
2020-04-19 08:44:35:292 [AndroidDriver] Screen already unlocked, doing nothing
2020-04-19 08:44:35:296 [UiAutomator2] Starting 'com.androidsample.generalstore/com.androidsample.generalstore.SplashActivity and waiting for 'com.androidsample.generalstore/com.androidsample.generalstore.SplashActivity'
2020-04-19 08:44:35:298 [ADB] Running 'C:\Users\nikjain\AppData\Local\Android\Sdk\platform-tools\adb.exe -P 5037 -s emulator-5554 shell am start -W -n com.androidsample.generalstore/com.androidsample.generalstore.SplashActivity -S -a android.intent.action.MAIN -c android.intent.category.LAUNCHER -f 0x10200000'
2020-04-19 08:44:37:585 [ADB] Waiting up to 20000ms for activity matching pkg: 'com.androidsample.generalstore' and activity: 'com.androidsample.generalstore.SplashActivity' to be focused
2020-04-19 08:44:37:588 [ADB] Possible activities, to be checked: 'com.androidsample.generalstore.SplashActivity', 'com.androidsample.generalstore.com.androidsample.generalstore.SplashActivity'
2020-04-19 08:44:37:593 [ADB] Getting focused package and activity
2020-04-19 08:44:37:599 [ADB] Running 'C:\Users\nikjain\AppData\Local\Android\Sdk\platform-tools\adb.exe -P 5037 -s emulator-5554 shell dumpsys window windows'
2020-04-19 08:44:37:759 [ADB] Found package: 'com.androidsample.generalstore' and fully qualified activity name : 'com.androidsample.generalstore.SplashActivity'
2020-04-19 08:44:37:762 [WD Proxy] Proxying [GET /appium/device/pixel_ratio] to [GET http://127.0.0.1:8206/wd/hub/session/fa808553-b774-491a-a250-1b98292fc11a/appium/device/pixel_ratio] with body: {}
2020-04-19 08:44:37:795 [WD Proxy] Got response with status 200: {"sessionId":"fa808553-b774-491a-a250-1b98292fc11a","value":2.75}
2020-04-19 08:44:37:798 [WD Proxy] Matched '/appium/device/system_bars' to command name 'getSystemBars'
2020-04-19 08:44:37:799 [WD Proxy] Proxying [GET /appium/device/system_bars] to [GET http://127.0.0.1:8206/wd/hub/session/fa808553-b774-491a-a250-1b98292fc11a/appium/device/system_bars] with body: {}
2020-04-19 08:44:37:821 [WD Proxy] Got response with status 200: {"sessionId":"fa808553-b774-491a-a250-1b98292fc11a","value":{"statusBar":66}}
2020-04-19 08:44:37:823 [WD Proxy] Matched '/window/current/size' to command name 'getWindowSize'
2020-04-19 08:44:37:831 [WD Proxy] Proxying [GET /window/current/size] to [GET http://127.0.0.1:8206/wd/hub/session/fa808553-b774-491a-a250-1b98292fc11a/window/current/size] with body: {}
2020-04-19 08:44:37:858 [WD Proxy] Got response with status 200: {"sessionId":"fa808553-b774-491a-a250-1b98292fc11a","value":{"height":2088,"width":1080}}
2020-04-19 08:44:37:861 [Appium] New AndroidUiautomator2Driver session created successfully, session 42a5c5a2-ff77-4ab6-a462-e8e82262e7bd added to master session list
2020-04-19 08:44:37:869 [BaseDriver] Event 'newSessionStarted' logged at 1587285877863 (14:14:37 GMT+0530 (India Standard Time))
2020-04-19 08:44:37:871 [W3C (42a5c5a2)] Cached the protocol value 'W3C' for the new session 42a5c5a2-ff77-4ab6-a462-e8e82262e7bd
2020-04-19 08:44:37:877 [W3C (42a5c5a2)] Responding to client with driver.createSession() result: {"capabilities":{"platform":"LINUX","webStorageEnabled":false,"takesScreenshot":true,"javascriptEnabled":true,"databaseEnabled":false,"networkConnectionEnabled":true,"locationContextEnabled":false,"warnings":{},"desired":{"platformName":"android","app":"C:\\Users\\nikjain\\eclipse-workspace\\Tutorial\\src\\GeneralStore\\General-Store.apk","automationName":"uiautomator2","deviceName":"NikhilEmulator"},"platformName":"android","app":"C:\\Users\\nikjain\\eclipse-workspace\\Tutorial\\src\\GeneralStore\\General-Store.apk","automationName":"uiautomator2","deviceName":"emulator-5554","deviceUDID":"emulator-5554","appPackage":"com.androidsample.generalstore","deviceApiLevel":28,"platformVersion":"9","deviceScreenSize":"1080x2220","deviceScreenDensity":440,"deviceModel":"AOSP on IA Emulator","deviceManufacturer":"Google","pixelRatio":2.75,"statBarHeight":66,"viewportRect":{"left":0,"top":66,"width":1080,"height":2022}}}
2020-04-19 08:44:37:888 [HTTP] <-- POST /wd/hub/session 200 14910 ms - 985
2020-04-19 08:44:37:893 [HTTP] 
2020-04-19 08:44:37:987 [HTTP] --> POST /wd/hub/session/42a5c5a2-ff77-4ab6-a462-e8e82262e7bd/timeouts
2020-04-19 08:44:37:994 [HTTP] {"implicit":10000}
2020-04-19 08:44:38:003 [W3C (42a5c5a2)] Calling AppiumDriver.timeouts() with args: [null,null,null,null,10000,"42a5c5a2-ff77-4ab6-a462-e8e82262e7bd"]
2020-04-19 08:44:38:008 [BaseDriver] W3C timeout argument: {"implicit":10000}}
2020-04-19 08:44:38:015 [BaseDriver] Set implicit wait to 10000ms
2020-04-19 08:44:38:018 [W3C (42a5c5a2)] Responding to client with driver.timeouts() result: null
2020-04-19 08:44:38:023 [HTTP] <-- POST /wd/hub/session/42a5c5a2-ff77-4ab6-a462-e8e82262e7bd/timeouts 200 36 ms - 14
2020-04-19 08:44:38:026 [HTTP] 
2020-04-19 08:44:38:031 [HTTP] --> POST /wd/hub/session/42a5c5a2-ff77-4ab6-a462-e8e82262e7bd/element
2020-04-19 08:44:38:035 [HTTP] {"using":"-android uiautomator","value":"text(\"Enter name here\")"}
2020-04-19 08:44:38:045 [W3C (42a5c5a2)] Calling AppiumDriver.findElement() with args: ["-android uiautomator","text(\"Enter name here\")","42a5c5a2-ff77-4ab6-a462-e8e82262e7bd"]
2020-04-19 08:44:38:050 [BaseDriver] Valid locator strategies for this request: xpath, id, class name, accessibility id, -android uiautomator
2020-04-19 08:44:38:052 [BaseDriver] Waiting up to 10000 ms for condition
2020-04-19 08:44:38:057 [WD Proxy] Matched '/element' to command name 'findElement'
2020-04-19 08:44:38:065 [WD Proxy] Proxying [POST /element] to [POST http://127.0.0.1:8206/wd/hub/session/fa808553-b774-491a-a250-1b98292fc11a/element] with body: {"strategy":"-android uiautomator","selector":"text(\"Enter name here\")","context":"","multiple":false}
2020-04-19 08:44:38:564 [WD Proxy] Got response with status 404: {"sessionId":"fa808553-b774-491a-a250-1b98292fc11a","value":{"error":"no such element","message":"An element could not be located on the page using the given search parameters","stacktrace":"io.appium.uiautomator2.common.exceptions.ElementNotFoundException: An element could not be located on the page using the given search parameters\n\tat io.appium.uiautomator2.handler.FindElement.safeHandle(FindElement.java:78)\n\tat io.appium.uiautomator2.handler.request.SafeRequestHandler.handle(SafeRequestHandler.java:38)\n\tat io.appium.uiautomator2.server.AppiumServlet.handleRequest(AppiumServlet.java:252)\n\tat io.appium.uiautomator2.server.AppiumServlet.handleHttpRequest(AppiumServlet.java:242)\n\tat io.appium.uiautomator2.http.ServerHandler.channelRead(ServerHandler.java:51)\n\tat io.netty.channel.AbstractChannelHandlerContext.invokeChannelRead(AbstractChannelHandlerContext.java:366)\n\tat io.netty.channel.AbstractChannelHandlerContext.invokeChannelRead(AbstractChannelHandlerContext.java:352)\n\tat io.netty.chann...
2020-04-19 08:44:38:566 [W3C] Matched W3C error code 'no such element' to NoSuchElementError
2020-04-19 08:44:38:568 [BaseDriver] Waited for 515 ms so far
2020-04-19 08:44:39:070 [WD Proxy] Matched '/element' to command name 'findElement'
2020-04-19 08:44:39:074 [WD Proxy] Proxying [POST /element] to [POST http://127.0.0.1:8206/wd/hub/session/fa808553-b774-491a-a250-1b98292fc11a/element] with body: {"strategy":"-android uiautomator","selector":"text(\"Enter name here\")","context":"","multiple":false}
2020-04-19 08:44:39:118 [WD Proxy] Got response with status 404: {"sessionId":"fa808553-b774-491a-a250-1b98292fc11a","value":{"error":"no such element","message":"An element could not be located on the page using the given search parameters","stacktrace":"io.appium.uiautomator2.common.exceptions.ElementNotFoundException: An element could not be located on the page using the given search parameters\n\tat io.appium.uiautomator2.handler.FindElement.safeHandle(FindElement.java:78)\n\tat io.appium.uiautomator2.handler.request.SafeRequestHandler.handle(SafeRequestHandler.java:38)\n\tat io.appium.uiautomator2.server.AppiumServlet.handleRequest(AppiumServlet.java:252)\n\tat io.appium.uiautomator2.server.AppiumServlet.handleHttpRequest(AppiumServlet.java:242)\n\tat io.appium.uiautomator2.http.ServerHandler.channelRead(ServerHandler.java:51)\n\tat io.netty.channel.AbstractChannelHandlerContext.invokeChannelRead(AbstractChannelHandlerContext.java:366)\n\tat io.netty.channel.AbstractChannelHandlerContext.invokeChannelRead(AbstractChannelHandlerContext.java:352)\n\tat io.netty.chann...
2020-04-19 08:44:39:120 [W3C] Matched W3C error code 'no such element' to NoSuchElementError
2020-04-19 08:44:39:124 [BaseDriver] Waited for 1068 ms so far
2020-04-19 08:44:39:628 [WD Proxy] Matched '/element' to command name 'findElement'
2020-04-19 08:44:39:632 [WD Proxy] Proxying [POST /element] to [POST http://127.0.0.1:8206/wd/hub/session/fa808553-b774-491a-a250-1b98292fc11a/element] with body: {"strategy":"-android uiautomator","selector":"text(\"Enter name here\")","context":"","multiple":false}
2020-04-19 08:44:39:756 [WD Proxy] Got response with status 404: {"sessionId":"fa808553-b774-491a-a250-1b98292fc11a","value":{"error":"no such element","message":"An element could not be located on the page using the given search parameters","stacktrace":"io.appium.uiautomator2.common.exceptions.ElementNotFoundException: An element could not be located on the page using the given search parameters\n\tat io.appium.uiautomator2.handler.FindElement.safeHandle(FindElement.java:78)\n\tat io.appium.uiautomator2.handler.request.SafeRequestHandler.handle(SafeRequestHandler.java:38)\n\tat io.appium.uiautomator2.server.AppiumServlet.handleRequest(AppiumServlet.java:252)\n\tat io.appium.uiautomator2.server.AppiumServlet.handleHttpRequest(AppiumServlet.java:242)\n\tat io.appium.uiautomator2.http.ServerHandler.channelRead(ServerHandler.java:51)\n\tat io.netty.channel.AbstractChannelHandlerContext.invokeChannelRead(AbstractChannelHandlerContext.java:366)\n\tat io.netty.channel.AbstractChannelHandlerContext.invokeChannelRead(AbstractChannelHandlerContext.java:352)\n\tat io.netty.chann...
2020-04-19 08:44:39:759 [W3C] Matched W3C error code 'no such element' to NoSuchElementError
2020-04-19 08:44:39:760 [BaseDriver] Waited for 1707 ms so far
2020-04-19 08:44:40:264 [WD Proxy] Matched '/element' to command name 'findElement'
2020-04-19 08:44:40:272 [WD Proxy] Proxying [POST /element] to [POST http://127.0.0.1:8206/wd/hub/session/fa808553-b774-491a-a250-1b98292fc11a/element] with body: {"strategy":"-android uiautomator","selector":"text(\"Enter name here\")","context":"","multiple":false}
2020-04-19 08:44:41:134 [WD Proxy] Got response with status 200: {"sessionId":"fa808553-b774-491a-a250-1b98292fc11a","value":{"ELEMENT":"bdb8e20c-01f4-41c6-ae6e-849e62507ad0","element-6066-11e4-a52e-4f735466cecf":"bdb8e20c-01f4-41c6-ae6e-849e62507ad0"}}
2020-04-19 08:44:41:135 [W3C (42a5c5a2)] Responding to client with driver.findElement() result: {"element-6066-11e4-a52e-4f735466cecf":"bdb8e20c-01f4-41c6-ae6e-849e62507ad0","ELEMENT":"bdb8e20c-01f4-41c6-ae6e-849e62507ad0"}
2020-04-19 08:44:41:139 [HTTP] <-- POST /wd/hub/session/42a5c5a2-ff77-4ab6-a462-e8e82262e7bd/element 200 3106 ms - 137
2020-04-19 08:44:41:140 [HTTP] 
2020-04-19 08:44:41:155 [HTTP] --> POST /wd/hub/session/42a5c5a2-ff77-4ab6-a462-e8e82262e7bd/element/bdb8e20c-01f4-41c6-ae6e-849e62507ad0/value
2020-04-19 08:44:41:156 [HTTP] {"id":"bdb8e20c-01f4-41c6-ae6e-849e62507ad0","text":"Nikhil","value":["N","i","k","h","i","l"]}
2020-04-19 08:44:41:160 [W3C (42a5c5a2)] Calling AppiumDriver.setValue() with args: [["N","i","k","h","i","l"],"bdb8e20c-01f4-41c6-ae6e-849e62507ad0","42a5c5a2-ff77-4ab6-a462-e8e82262e7bd"]
2020-04-19 08:44:41:162 [WD Proxy] Matched '/element/bdb8e20c-01f4-41c6-ae6e-849e62507ad0/value' to command name 'setValue'
2020-04-19 08:44:41:162 [Protocol Converter] Added 'value' property ["N","i","k","h","i","l"] to 'setValue' request body
2020-04-19 08:44:41:163 [WD Proxy] Proxying [POST /element/bdb8e20c-01f4-41c6-ae6e-849e62507ad0/value] to [POST http://127.0.0.1:8206/wd/hub/session/fa808553-b774-491a-a250-1b98292fc11a/element/bdb8e20c-01f4-41c6-ae6e-849e62507ad0/value] with body: {"elementId":"bdb8e20c-01f4-41c6-ae6e-849e62507ad0","text":"Nikhil","replace":false,"value":["N","i","k","h","i","l"]}
2020-04-19 08:44:41:804 [WD Proxy] Got response with status 200: {"sessionId":"fa808553-b774-491a-a250-1b98292fc11a","value":null}
2020-04-19 08:44:41:805 [W3C (42a5c5a2)] Responding to client with driver.setValue() result: null
2020-04-19 08:44:41:809 [HTTP] <-- POST /wd/hub/session/42a5c5a2-ff77-4ab6-a462-e8e82262e7bd/element/bdb8e20c-01f4-41c6-ae6e-849e62507ad0/value 200 652 ms - 14
2020-04-19 08:44:41:810 [HTTP] 
2020-04-19 08:44:41:812 [HTTP] --> POST /wd/hub/session/42a5c5a2-ff77-4ab6-a462-e8e82262e7bd/element
2020-04-19 08:44:41:815 [HTTP] {"using":"-android uiautomator","value":"text(\"Let's  Shop\")"}
2020-04-19 08:44:41:819 [W3C (42a5c5a2)] Calling AppiumDriver.findElement() with args: ["-android uiautomator","text(\"Let's  Shop\")","42a5c5a2-ff77-4ab6-a462-e8e82262e7bd"]
2020-04-19 08:44:41:820 [BaseDriver] Valid locator strategies for this request: xpath, id, class name, accessibility id, -android uiautomator
2020-04-19 08:44:41:821 [BaseDriver] Waiting up to 10000 ms for condition
2020-04-19 08:44:41:824 [WD Proxy] Matched '/element' to command name 'findElement'
2020-04-19 08:44:41:825 [WD Proxy] Proxying [POST /element] to [POST http://127.0.0.1:8206/wd/hub/session/fa808553-b774-491a-a250-1b98292fc11a/element] with body: {"strategy":"-android uiautomator","selector":"text(\"Let's  Shop\")","context":"","multiple":false}
2020-04-19 08:44:42:330 [WD Proxy] Got response with status 200: {"sessionId":"fa808553-b774-491a-a250-1b98292fc11a","value":{"ELEMENT":"16c5901b-c92c-459d-b960-c372206b402a","element-6066-11e4-a52e-4f735466cecf":"16c5901b-c92c-459d-b960-c372206b402a"}}
2020-04-19 08:44:42:331 [W3C (42a5c5a2)] Responding to client with driver.findElement() result: {"element-6066-11e4-a52e-4f735466cecf":"16c5901b-c92c-459d-b960-c372206b402a","ELEMENT":"16c5901b-c92c-459d-b960-c372206b402a"}
2020-04-19 08:44:42:335 [HTTP] <-- POST /wd/hub/session/42a5c5a2-ff77-4ab6-a462-e8e82262e7bd/element 200 520 ms - 137
2020-04-19 08:44:42:336 [HTTP] 
2020-04-19 08:44:42:338 [HTTP] --> POST /wd/hub/session/42a5c5a2-ff77-4ab6-a462-e8e82262e7bd/element/16c5901b-c92c-459d-b960-c372206b402a/click
2020-04-19 08:44:42:339 [HTTP] {"id":"16c5901b-c92c-459d-b960-c372206b402a"}
2020-04-19 08:44:42:343 [W3C (42a5c5a2)] Calling AppiumDriver.click() with args: ["16c5901b-c92c-459d-b960-c372206b402a","42a5c5a2-ff77-4ab6-a462-e8e82262e7bd"]
2020-04-19 08:44:42:344 [WD Proxy] Matched '/element/16c5901b-c92c-459d-b960-c372206b402a/click' to command name 'click'
2020-04-19 08:44:42:345 [WD Proxy] Proxying [POST /element/16c5901b-c92c-459d-b960-c372206b402a/click] to [POST http://127.0.0.1:8206/wd/hub/session/fa808553-b774-491a-a250-1b98292fc11a/element/16c5901b-c92c-459d-b960-c372206b402a/click] with body: {"element":"16c5901b-c92c-459d-b960-c372206b402a"}
2020-04-19 08:44:43:706 [WD Proxy] Got response with status 200: {"sessionId":"fa808553-b774-491a-a250-1b98292fc11a","value":null}
2020-04-19 08:44:43:711 [W3C (42a5c5a2)] Responding to client with driver.click() result: null
2020-04-19 08:44:43:714 [HTTP] <-- POST /wd/hub/session/42a5c5a2-ff77-4ab6-a462-e8e82262e7bd/element/16c5901b-c92c-459d-b960-c372206b402a/click 200 1375 ms - 14
2020-04-19 08:44:43:717 [HTTP] 
2020-04-19 08:44:43:721 [HTTP] --> POST /wd/hub/session/42a5c5a2-ff77-4ab6-a462-e8e82262e7bd/element
2020-04-19 08:44:43:723 [HTTP] {"using":"-android uiautomator","value":"new UiScrollable(new UiSelector().resourceId(\"com.androidsample.generalstore:id/rvProductList\")).scrollIntoView(new UiSelector().text(\"Nike Blazer Mid '77\"));"}
2020-04-19 08:44:43:727 [W3C (42a5c5a2)] Calling AppiumDriver.findElement() with args: ["-android uiautomator","new UiScrollable(new UiSelector().resourceId(\"com.androidsample.generalstore:id/rvProductList\")).scrollIntoView(new UiSelector().text(\"Nike Blazer Mid '77\"));","42a5c5a2-ff77-4ab6-a462-e8e82262e7bd"]
2020-04-19 08:44:43:732 [BaseDriver] Valid locator strategies for this request: xpath, id, class name, accessibility id, -android uiautomator
2020-04-19 08:44:43:733 [BaseDriver] Waiting up to 10000 ms for condition
2020-04-19 08:44:43:735 [WD Proxy] Matched '/element' to command name 'findElement'
2020-04-19 08:44:43:739 [WD Proxy] Proxying [POST /element] to [POST http://127.0.0.1:8206/wd/hub/session/fa808553-b774-491a-a250-1b98292fc11a/element] with body: {"strategy":"-android uiautomator","selector":"new UiScrollable(new UiSelector().resourceId(\"com.androidsample.generalstore:id/rvProductList\")).scrollIntoView(new UiSelector().text(\"Nike Blazer Mid '77\"));","context":"","multiple":false}
2020-04-19 08:44:48:253 [WD Proxy] Got response with status 200: {"sessionId":"fa808553-b774-491a-a250-1b98292fc11a","value":{"ELEMENT":"a0ba006f-48a5-4556-95da-aa16eb24386d","element-6066-11e4-a52e-4f735466cecf":"a0ba006f-48a5-4556-95da-aa16eb24386d"}}
2020-04-19 08:44:48:255 [W3C (42a5c5a2)] Responding to client with driver.findElement() result: {"element-6066-11e4-a52e-4f735466cecf":"a0ba006f-48a5-4556-95da-aa16eb24386d","ELEMENT":"a0ba006f-48a5-4556-95da-aa16eb24386d"}
2020-04-19 08:44:48:260 [HTTP] <-- POST /wd/hub/session/42a5c5a2-ff77-4ab6-a462-e8e82262e7bd/element 200 4537 ms - 137
2020-04-19 08:44:48:261 [HTTP] 
2020-04-19 08:44:48:265 [HTTP] --> POST /wd/hub/session/42a5c5a2-ff77-4ab6-a462-e8e82262e7bd/elements
2020-04-19 08:44:48:270 [HTTP] {"using":"id","value":"com.androidsample.generalstore:id/productName"}
2020-04-19 08:44:48:275 [W3C (42a5c5a2)] Calling AppiumDriver.findElements() with args: ["id","com.androidsample.generalstore:id/productName","42a5c5a2-ff77-4ab6-a462-e8e82262e7bd"]
2020-04-19 08:44:48:277 [BaseDriver] Valid locator strategies for this request: xpath, id, class name, accessibility id, -android uiautomator
2020-04-19 08:44:48:281 [BaseDriver] Waiting up to 10000 ms for condition
2020-04-19 08:44:48:286 [WD Proxy] Matched '/elements' to command name 'findElements'
2020-04-19 08:44:48:288 [WD Proxy] Proxying [POST /elements] to [POST http://127.0.0.1:8206/wd/hub/session/fa808553-b774-491a-a250-1b98292fc11a/elements] with body: {"strategy":"id","selector":"com.androidsample.generalstore:id/productName","context":"","multiple":true}
2020-04-19 08:44:48:378 [WD Proxy] Got response with status 200: {"sessionId":"fa808553-b774-491a-a250-1b98292fc11a","value":[{"ELEMENT":"5ee8f796-de4f-4ad9-902e-a91cf113a5fe","element-6066-11e4-a52e-4f735466cecf":"5ee8f796-de4f-4ad9-902e-a91cf113a5fe"},{"ELEMENT":"0eb75ac3-13b6-4077-907c-278fcbbefc43","element-6066-11e4-a52e-4f735466cecf":"0eb75ac3-13b6-4077-907c-278fcbbefc43"}]}
2020-04-19 08:44:48:380 [W3C (42a5c5a2)] Responding to client with driver.findElements() result: [{"element-6066-11e4-a52e-4f735466cecf":"5ee8f796-de4f-4ad9-902e-a91cf113a5fe","ELEMENT":"5ee8f796-de4f-4ad9-902e-a91cf113a5fe"},{"element-6066-11e4-a52e-4f735466cecf":"0eb75ac3-13b6-4077-907c-278fcbbefc43","ELEMENT":"0eb75ac3-13b6-4077-907c-278fcbbefc43"}]
2020-04-19 08:44:48:385 [HTTP] <-- POST /wd/hub/session/42a5c5a2-ff77-4ab6-a462-e8e82262e7bd/elements 200 117 ms - 267
2020-04-19 08:44:48:389 [HTTP] 
2020-04-19 08:44:48:398 [HTTP] --> POST /wd/hub/session/42a5c5a2-ff77-4ab6-a462-e8e82262e7bd/elements
2020-04-19 08:44:48:400 [HTTP] {"using":"id","value":"com.androidsample.generalstore:id/productName"}
2020-04-19 08:44:48:402 [W3C (42a5c5a2)] Calling AppiumDriver.findElements() with args: ["id","com.androidsample.generalstore:id/productName","42a5c5a2-ff77-4ab6-a462-e8e82262e7bd"]
2020-04-19 08:44:48:404 [BaseDriver] Valid locator strategies for this request: xpath, id, class name, accessibility id, -android uiautomator
2020-04-19 08:44:48:408 [BaseDriver] Waiting up to 10000 ms for condition
2020-04-19 08:44:48:411 [WD Proxy] Matched '/elements' to command name 'findElements'
2020-04-19 08:44:48:413 [WD Proxy] Proxying [POST /elements] to [POST http://127.0.0.1:8206/wd/hub/session/fa808553-b774-491a-a250-1b98292fc11a/elements] with body: {"strategy":"id","selector":"com.androidsample.generalstore:id/productName","context":"","multiple":true}
2020-04-19 08:44:48:470 [WD Proxy] Got response with status 200: {"sessionId":"fa808553-b774-491a-a250-1b98292fc11a","value":[{"ELEMENT":"924f37b3-2375-4929-ba42-63437bf2afbb","element-6066-11e4-a52e-4f735466cecf":"924f37b3-2375-4929-ba42-63437bf2afbb"},{"ELEMENT":"15a208a5-c338-4649-97aa-f36f08719659","element-6066-11e4-a52e-4f735466cecf":"15a208a5-c338-4649-97aa-f36f08719659"}]}
2020-04-19 08:44:48:474 [W3C (42a5c5a2)] Responding to client with driver.findElements() result: [{"element-6066-11e4-a52e-4f735466cecf":"924f37b3-2375-4929-ba42-63437bf2afbb","ELEMENT":"924f37b3-2375-4929-ba42-63437bf2afbb"},{"element-6066-11e4-a52e-4f735466cecf":"15a208a5-c338-4649-97aa-f36f08719659","ELEMENT":"15a208a5-c338-4649-97aa-f36f08719659"}]
2020-04-19 08:44:48:476 [HTTP] <-- POST /wd/hub/session/42a5c5a2-ff77-4ab6-a462-e8e82262e7bd/elements 200 78 ms - 267
2020-04-19 08:44:48:477 [HTTP] 
2020-04-19 08:44:48:492 [HTTP] --> GET /wd/hub/session/42a5c5a2-ff77-4ab6-a462-e8e82262e7bd/element/924f37b3-2375-4929-ba42-63437bf2afbb/text
2020-04-19 08:44:48:494 [HTTP] {}
2020-04-19 08:44:48:498 [W3C (42a5c5a2)] Driver proxy active, passing request on via HTTP proxy
2020-04-19 08:44:48:504 [WD Proxy] Matched '/wd/hub/session/42a5c5a2-ff77-4ab6-a462-e8e82262e7bd/element/924f37b3-2375-4929-ba42-63437bf2afbb/text' to command name 'getText'
2020-04-19 08:44:48:505 [WD Proxy] Proxying [GET /wd/hub/session/42a5c5a2-ff77-4ab6-a462-e8e82262e7bd/element/924f37b3-2375-4929-ba42-63437bf2afbb/text] to [GET http://127.0.0.1:8206/wd/hub/session/fa808553-b774-491a-a250-1b98292fc11a/element/924f37b3-2375-4929-ba42-63437bf2afbb/text] with body: {}
2020-04-19 08:44:48:541 [WD Proxy] Got response with status 200: {"sessionId":"fa808553-b774-491a-a250-1b98292fc11a","value":"Nike Blazer Mid '77"}
2020-04-19 08:44:48:545 [WD Proxy] Replacing sessionId fa808553-b774-491a-a250-1b98292fc11a with 42a5c5a2-ff77-4ab6-a462-e8e82262e7bd
2020-04-19 08:44:48:549 [HTTP] <-- GET /wd/hub/session/42a5c5a2-ff77-4ab6-a462-e8e82262e7bd/element/924f37b3-2375-4929-ba42-63437bf2afbb/text 200 58 ms - 82
2020-04-19 08:44:48:552 [HTTP] 
2020-04-19 08:44:48:557 [HTTP] --> POST /wd/hub/session/42a5c5a2-ff77-4ab6-a462-e8e82262e7bd/elements
2020-04-19 08:44:48:559 [HTTP] {"using":"id","value":"com.androidsample.generalstore:id/productPrice"}
2020-04-19 08:44:48:566 [W3C (42a5c5a2)] Calling AppiumDriver.findElements() with args: ["id","com.androidsample.generalstore:id/productPrice","42a5c5a2-ff77-4ab6-a462-e8e82262e7bd"]
2020-04-19 08:44:48:568 [BaseDriver] Valid locator strategies for this request: xpath, id, class name, accessibility id, -android uiautomator
2020-04-19 08:44:48:569 [BaseDriver] Waiting up to 10000 ms for condition
2020-04-19 08:44:48:572 [WD Proxy] Matched '/elements' to command name 'findElements'
2020-04-19 08:44:48:576 [WD Proxy] Proxying [POST /elements] to [POST http://127.0.0.1:8206/wd/hub/session/fa808553-b774-491a-a250-1b98292fc11a/elements] with body: {"strategy":"id","selector":"com.androidsample.generalstore:id/productPrice","context":"","multiple":true}
2020-04-19 08:44:48:629 [WD Proxy] Got response with status 200: {"sessionId":"fa808553-b774-491a-a250-1b98292fc11a","value":[{"ELEMENT":"ae6fac35-80a9-4908-8c18-977b8d2400f5","element-6066-11e4-a52e-4f735466cecf":"ae6fac35-80a9-4908-8c18-977b8d2400f5"},{"ELEMENT":"e14aa8b9-6041-40ac-8042-7b83ecefce66","element-6066-11e4-a52e-4f735466cecf":"e14aa8b9-6041-40ac-8042-7b83ecefce66"},{"ELEMENT":"d83894c6-fd4a-42a2-8af5-8b91f81e472a","element-6066-11e4-a52e-4f735466cecf":"d83894c6-fd4a-42a2-8af5-8b91f81e472a"}]}
2020-04-19 08:44:48:633 [W3C (42a5c5a2)] Responding to client with driver.findElements() result: [{"element-6066-11e4-a52e-4f735466cecf":"ae6fac35-80a9-4908-8c18-977b8d2400f5","ELEMENT":"ae6fac35-80a9-4908-8c18-977b8d2400f5"},{"element-6066-11e4-a52e-4f735466cecf":"e14aa8b9-6041-40ac-8042-7b83ecefce66","ELEMENT":"e14aa8b9-6041-40ac-8042-7b83ecefce66"},{"element-6066-11e4-a52e-4f735466cecf":"d83894c6-fd4a-42a2-8af5-8b91f81e472a","ELEMENT":"d83894c6-fd4a-42a2-8af5-8b91f81e472a"}]
2020-04-19 08:44:48:636 [HTTP] <-- POST /wd/hub/session/42a5c5a2-ff77-4ab6-a462-e8e82262e7bd/elements 200 78 ms - 395
2020-04-19 08:44:48:641 [HTTP] 
2020-04-19 08:44:48:644 [HTTP] --> GET /wd/hub/session/42a5c5a2-ff77-4ab6-a462-e8e82262e7bd/element/ae6fac35-80a9-4908-8c18-977b8d2400f5/text
2020-04-19 08:44:48:645 [HTTP] {}
2020-04-19 08:44:48:647 [W3C (42a5c5a2)] Driver proxy active, passing request on via HTTP proxy
2020-04-19 08:44:48:651 [WD Proxy] Matched '/wd/hub/session/42a5c5a2-ff77-4ab6-a462-e8e82262e7bd/element/ae6fac35-80a9-4908-8c18-977b8d2400f5/text' to command name 'getText'
2020-04-19 08:44:48:655 [WD Proxy] Proxying [GET /wd/hub/session/42a5c5a2-ff77-4ab6-a462-e8e82262e7bd/element/ae6fac35-80a9-4908-8c18-977b8d2400f5/text] to [GET http://127.0.0.1:8206/wd/hub/session/fa808553-b774-491a-a250-1b98292fc11a/element/ae6fac35-80a9-4908-8c18-977b8d2400f5/text] with body: {}
2020-04-19 08:44:48:682 [WD Proxy] Got response with status 200: {"sessionId":"fa808553-b774-491a-a250-1b98292fc11a","value":"$120.0"}
2020-04-19 08:44:48:683 [WD Proxy] Replacing sessionId fa808553-b774-491a-a250-1b98292fc11a with 42a5c5a2-ff77-4ab6-a462-e8e82262e7bd
2020-04-19 08:44:48:687 [HTTP] <-- GET /wd/hub/session/42a5c5a2-ff77-4ab6-a462-e8e82262e7bd/element/ae6fac35-80a9-4908-8c18-977b8d2400f5/text 200 42 ms - 69
2020-04-19 08:44:48:689 [HTTP] 
2020-04-19 08:44:48:694 [HTTP] --> POST /wd/hub/session/42a5c5a2-ff77-4ab6-a462-e8e82262e7bd/elements
2020-04-19 08:44:48:698 [HTTP] {"using":"id","value":"com.androidsample.generalstore:id/productAddCart"}
2020-04-19 08:44:48:700 [W3C (42a5c5a2)] Calling AppiumDriver.findElements() with args: ["id","com.androidsample.generalstore:id/productAddCart","42a5c5a2-ff77-4ab6-a462-e8e82262e7bd"]
2020-04-19 08:44:48:704 [BaseDriver] Valid locator strategies for this request: xpath, id, class name, accessibility id, -android uiautomator
2020-04-19 08:44:48:708 [BaseDriver] Waiting up to 10000 ms for condition
2020-04-19 08:44:48:710 [WD Proxy] Matched '/elements' to command name 'findElements'
2020-04-19 08:44:48:715 [WD Proxy] Proxying [POST /elements] to [POST http://127.0.0.1:8206/wd/hub/session/fa808553-b774-491a-a250-1b98292fc11a/elements] with body: {"strategy":"id","selector":"com.androidsample.generalstore:id/productAddCart","context":"","multiple":true}
2020-04-19 08:44:48:780 [WD Proxy] Got response with status 200: {"sessionId":"fa808553-b774-491a-a250-1b98292fc11a","value":[{"ELEMENT":"4765a867-547f-4180-b0a1-85176e1f855c","element-6066-11e4-a52e-4f735466cecf":"4765a867-547f-4180-b0a1-85176e1f855c"},{"ELEMENT":"fc757c11-9c5d-4b28-ab49-c92fe20fdf59","element-6066-11e4-a52e-4f735466cecf":"fc757c11-9c5d-4b28-ab49-c92fe20fdf59"},{"ELEMENT":"746ac3fe-4368-40ff-a036-000710f4a4c2","element-6066-11e4-a52e-4f735466cecf":"746ac3fe-4368-40ff-a036-000710f4a4c2"}]}
2020-04-19 08:44:48:784 [W3C (42a5c5a2)] Responding to client with driver.findElements() result: [{"element-6066-11e4-a52e-4f735466cecf":"4765a867-547f-4180-b0a1-85176e1f855c","ELEMENT":"4765a867-547f-4180-b0a1-85176e1f855c"},{"element-6066-11e4-a52e-4f735466cecf":"fc757c11-9c5d-4b28-ab49-c92fe20fdf59","ELEMENT":"fc757c11-9c5d-4b28-ab49-c92fe20fdf59"},{"element-6066-11e4-a52e-4f735466cecf":"746ac3fe-4368-40ff-a036-000710f4a4c2","ELEMENT":"746ac3fe-4368-40ff-a036-000710f4a4c2"}]
2020-04-19 08:44:48:787 [HTTP] <-- POST /wd/hub/session/42a5c5a2-ff77-4ab6-a462-e8e82262e7bd/elements 200 92 ms - 395
2020-04-19 08:44:48:795 [HTTP] 
2020-04-19 08:44:48:799 [HTTP] --> POST /wd/hub/session/42a5c5a2-ff77-4ab6-a462-e8e82262e7bd/element/4765a867-547f-4180-b0a1-85176e1f855c/click
2020-04-19 08:44:48:803 [HTTP] {"id":"4765a867-547f-4180-b0a1-85176e1f855c"}
2020-04-19 08:44:48:805 [W3C (42a5c5a2)] Calling AppiumDriver.click() with args: ["4765a867-547f-4180-b0a1-85176e1f855c","42a5c5a2-ff77-4ab6-a462-e8e82262e7bd"]
2020-04-19 08:44:48:808 [WD Proxy] Matched '/element/4765a867-547f-4180-b0a1-85176e1f855c/click' to command name 'click'
2020-04-19 08:44:48:810 [WD Proxy] Proxying [POST /element/4765a867-547f-4180-b0a1-85176e1f855c/click] to [POST http://127.0.0.1:8206/wd/hub/session/fa808553-b774-491a-a250-1b98292fc11a/element/4765a867-547f-4180-b0a1-85176e1f855c/click] with body: {"element":"4765a867-547f-4180-b0a1-85176e1f855c"}
2020-04-19 08:44:48:869 [WD Proxy] Got response with status 200: {"sessionId":"fa808553-b774-491a-a250-1b98292fc11a","value":null}
2020-04-19 08:44:48:871 [W3C (42a5c5a2)] Responding to client with driver.click() result: null
2020-04-19 08:44:48:877 [HTTP] <-- POST /wd/hub/session/42a5c5a2-ff77-4ab6-a462-e8e82262e7bd/element/4765a867-547f-4180-b0a1-85176e1f855c/click 200 75 ms - 14
2020-04-19 08:44:48:882 [HTTP] 
2020-04-19 08:44:48:886 [HTTP] --> POST /wd/hub/session/42a5c5a2-ff77-4ab6-a462-e8e82262e7bd/element
2020-04-19 08:44:48:887 [HTTP] {"using":"-android uiautomator","value":"new UiScrollable(new UiSelector().resourceId(\"com.androidsample.generalstore:id/rvProductList\")).scrollIntoView(new UiSelector().text(\"PG 3\"));"}
2020-04-19 08:44:48:892 [W3C (42a5c5a2)] Calling AppiumDriver.findElement() with args: ["-android uiautomator","new UiScrollable(new UiSelector().resourceId(\"com.androidsample.generalstore:id/rvProductList\")).scrollIntoView(new UiSelector().text(\"PG 3\"));","42a5c5a2-ff77-4ab6-a462-e8e82262e7bd"]
2020-04-19 08:44:48:896 [BaseDriver] Valid locator strategies for this request: xpath, id, class name, accessibility id, -android uiautomator
2020-04-19 08:44:48:897 [BaseDriver] Waiting up to 10000 ms for condition
2020-04-19 08:44:48:902 [WD Proxy] Matched '/element' to command name 'findElement'
2020-04-19 08:44:48:905 [WD Proxy] Proxying [POST /element] to [POST http://127.0.0.1:8206/wd/hub/session/fa808553-b774-491a-a250-1b98292fc11a/element] with body: {"strategy":"-android uiautomator","selector":"new UiScrollable(new UiSelector().resourceId(\"com.androidsample.generalstore:id/rvProductList\")).scrollIntoView(new UiSelector().text(\"PG 3\"));","context":"","multiple":false}
2020-04-19 08:45:02:350 [WD Proxy] Got response with status 200: {"sessionId":"fa808553-b774-491a-a250-1b98292fc11a","value":{"ELEMENT":"c12d292c-26d6-43e0-9fa3-57323d5dc638","element-6066-11e4-a52e-4f735466cecf":"c12d292c-26d6-43e0-9fa3-57323d5dc638"}}
2020-04-19 08:45:02:357 [W3C (42a5c5a2)] Responding to client with driver.findElement() result: {"element-6066-11e4-a52e-4f735466cecf":"c12d292c-26d6-43e0-9fa3-57323d5dc638","ELEMENT":"c12d292c-26d6-43e0-9fa3-57323d5dc638"}
2020-04-19 08:45:02:363 [HTTP] <-- POST /wd/hub/session/42a5c5a2-ff77-4ab6-a462-e8e82262e7bd/element 200 13475 ms - 137
2020-04-19 08:45:02:367 [HTTP] 
2020-04-19 08:45:02:374 [HTTP] --> POST /wd/hub/session/42a5c5a2-ff77-4ab6-a462-e8e82262e7bd/elements
2020-04-19 08:45:02:379 [HTTP] {"using":"id","value":"com.androidsample.generalstore:id/productName"}
2020-04-19 08:45:02:386 [W3C (42a5c5a2)] Calling AppiumDriver.findElements() with args: ["id","com.androidsample.generalstore:id/productName","42a5c5a2-ff77-4ab6-a462-e8e82262e7bd"]
2020-04-19 08:45:02:389 [BaseDriver] Valid locator strategies for this request: xpath, id, class name, accessibility id, -android uiautomator
2020-04-19 08:45:02:393 [BaseDriver] Waiting up to 10000 ms for condition
2020-04-19 08:45:02:398 [WD Proxy] Matched '/elements' to command name 'findElements'
2020-04-19 08:45:02:402 [WD Proxy] Proxying [POST /elements] to [POST http://127.0.0.1:8206/wd/hub/session/fa808553-b774-491a-a250-1b98292fc11a/elements] with body: {"strategy":"id","selector":"com.androidsample.generalstore:id/productName","context":"","multiple":true}
2020-04-19 08:45:02:478 [WD Proxy] Got response with status 200: {"sessionId":"fa808553-b774-491a-a250-1b98292fc11a","value":[{"ELEMENT":"3134625b-68a7-4b65-9f6e-ceade64991e7","element-6066-11e4-a52e-4f735466cecf":"3134625b-68a7-4b65-9f6e-ceade64991e7"},{"ELEMENT":"aec7f51c-69bf-46fa-aa69-da6bcc25a071","element-6066-11e4-a52e-4f735466cecf":"aec7f51c-69bf-46fa-aa69-da6bcc25a071"}]}
2020-04-19 08:45:02:482 [W3C (42a5c5a2)] Responding to client with driver.findElements() result: [{"element-6066-11e4-a52e-4f735466cecf":"3134625b-68a7-4b65-9f6e-ceade64991e7","ELEMENT":"3134625b-68a7-4b65-9f6e-ceade64991e7"},{"element-6066-11e4-a52e-4f735466cecf":"aec7f51c-69bf-46fa-aa69-da6bcc25a071","ELEMENT":"aec7f51c-69bf-46fa-aa69-da6bcc25a071"}]
2020-04-19 08:45:02:491 [HTTP] <-- POST /wd/hub/session/42a5c5a2-ff77-4ab6-a462-e8e82262e7bd/elements 200 112 ms - 267
2020-04-19 08:45:02:495 [HTTP] 
2020-04-19 08:45:02:504 [HTTP] --> POST /wd/hub/session/42a5c5a2-ff77-4ab6-a462-e8e82262e7bd/elements
2020-04-19 08:45:02:507 [HTTP] {"using":"id","value":"com.androidsample.generalstore:id/productName"}
2020-04-19 08:45:02:514 [W3C (42a5c5a2)] Calling AppiumDriver.findElements() with args: ["id","com.androidsample.generalstore:id/productName","42a5c5a2-ff77-4ab6-a462-e8e82262e7bd"]
2020-04-19 08:45:02:518 [BaseDriver] Valid locator strategies for this request: xpath, id, class name, accessibility id, -android uiautomator
2020-04-19 08:45:02:524 [BaseDriver] Waiting up to 10000 ms for condition
2020-04-19 08:45:02:529 [WD Proxy] Matched '/elements' to command name 'findElements'
2020-04-19 08:45:02:534 [WD Proxy] Proxying [POST /elements] to [POST http://127.0.0.1:8206/wd/hub/session/fa808553-b774-491a-a250-1b98292fc11a/elements] with body: {"strategy":"id","selector":"com.androidsample.generalstore:id/productName","context":"","multiple":true}
2020-04-19 08:45:02:612 [WD Proxy] Got response with status 200: {"sessionId":"fa808553-b774-491a-a250-1b98292fc11a","value":[{"ELEMENT":"df2e5c61-73d2-4b56-8765-ca24d65016ad","element-6066-11e4-a52e-4f735466cecf":"df2e5c61-73d2-4b56-8765-ca24d65016ad"},{"ELEMENT":"c4068d8a-d414-46b4-ae47-68f4c2f8fad4","element-6066-11e4-a52e-4f735466cecf":"c4068d8a-d414-46b4-ae47-68f4c2f8fad4"}]}
2020-04-19 08:45:02:617 [W3C (42a5c5a2)] Responding to client with driver.findElements() result: [{"element-6066-11e4-a52e-4f735466cecf":"df2e5c61-73d2-4b56-8765-ca24d65016ad","ELEMENT":"df2e5c61-73d2-4b56-8765-ca24d65016ad"},{"element-6066-11e4-a52e-4f735466cecf":"c4068d8a-d414-46b4-ae47-68f4c2f8fad4","ELEMENT":"c4068d8a-d414-46b4-ae47-68f4c2f8fad4"}]
2020-04-19 08:45:02:628 [HTTP] <-- POST /wd/hub/session/42a5c5a2-ff77-4ab6-a462-e8e82262e7bd/elements 200 120 ms - 267
2020-04-19 08:45:02:631 [HTTP] 
2020-04-19 08:45:02:637 [HTTP] --> GET /wd/hub/session/42a5c5a2-ff77-4ab6-a462-e8e82262e7bd/element/df2e5c61-73d2-4b56-8765-ca24d65016ad/text
2020-04-19 08:45:02:641 [HTTP] {}
2020-04-19 08:45:02:649 [W3C (42a5c5a2)] Driver proxy active, passing request on via HTTP proxy
2020-04-19 08:45:02:653 [WD Proxy] Matched '/wd/hub/session/42a5c5a2-ff77-4ab6-a462-e8e82262e7bd/element/df2e5c61-73d2-4b56-8765-ca24d65016ad/text' to command name 'getText'
2020-04-19 08:45:02:661 [WD Proxy] Proxying [GET /wd/hub/session/42a5c5a2-ff77-4ab6-a462-e8e82262e7bd/element/df2e5c61-73d2-4b56-8765-ca24d65016ad/text] to [GET http://127.0.0.1:8206/wd/hub/session/fa808553-b774-491a-a250-1b98292fc11a/element/df2e5c61-73d2-4b56-8765-ca24d65016ad/text] with body: {}
2020-04-19 08:45:02:706 [WD Proxy] Got response with status 200: {"sessionId":"fa808553-b774-491a-a250-1b98292fc11a","value":"LeBron Soldier 12 "}
2020-04-19 08:45:02:712 [WD Proxy] Replacing sessionId fa808553-b774-491a-a250-1b98292fc11a with 42a5c5a2-ff77-4ab6-a462-e8e82262e7bd
2020-04-19 08:45:02:722 [HTTP] <-- GET /wd/hub/session/42a5c5a2-ff77-4ab6-a462-e8e82262e7bd/element/df2e5c61-73d2-4b56-8765-ca24d65016ad/text 200 78 ms - 81
2020-04-19 08:45:02:725 [HTTP] 
2020-04-19 08:45:02:734 [HTTP] --> POST /wd/hub/session/42a5c5a2-ff77-4ab6-a462-e8e82262e7bd/elements
2020-04-19 08:45:02:737 [HTTP] {"using":"id","value":"com.androidsample.generalstore:id/productName"}
2020-04-19 08:45:02:741 [W3C (42a5c5a2)] Calling AppiumDriver.findElements() with args: ["id","com.androidsample.generalstore:id/productName","42a5c5a2-ff77-4ab6-a462-e8e82262e7bd"]
2020-04-19 08:45:02:749 [BaseDriver] Valid locator strategies for this request: xpath, id, class name, accessibility id, -android uiautomator
2020-04-19 08:45:02:754 [BaseDriver] Waiting up to 10000 ms for condition
2020-04-19 08:45:02:761 [WD Proxy] Matched '/elements' to command name 'findElements'
2020-04-19 08:45:02:764 [WD Proxy] Proxying [POST /elements] to [POST http://127.0.0.1:8206/wd/hub/session/fa808553-b774-491a-a250-1b98292fc11a/elements] with body: {"strategy":"id","selector":"com.androidsample.generalstore:id/productName","context":"","multiple":true}
2020-04-19 08:45:02:845 [WD Proxy] Got response with status 200: {"sessionId":"fa808553-b774-491a-a250-1b98292fc11a","value":[{"ELEMENT":"ebf14412-829f-4036-837d-db34660be100","element-6066-11e4-a52e-4f735466cecf":"ebf14412-829f-4036-837d-db34660be100"},{"ELEMENT":"a88b9047-07f2-4990-99a7-e84e13713352","element-6066-11e4-a52e-4f735466cecf":"a88b9047-07f2-4990-99a7-e84e13713352"}]}
2020-04-19 08:45:02:849 [W3C (42a5c5a2)] Responding to client with driver.findElements() result: [{"element-6066-11e4-a52e-4f735466cecf":"ebf14412-829f-4036-837d-db34660be100","ELEMENT":"ebf14412-829f-4036-837d-db34660be100"},{"element-6066-11e4-a52e-4f735466cecf":"a88b9047-07f2-4990-99a7-e84e13713352","ELEMENT":"a88b9047-07f2-4990-99a7-e84e13713352"}]
2020-04-19 08:45:02:855 [HTTP] <-- POST /wd/hub/session/42a5c5a2-ff77-4ab6-a462-e8e82262e7bd/elements 200 122 ms - 267
2020-04-19 08:45:02:857 [HTTP] 
2020-04-19 08:45:02:861 [HTTP] --> GET /wd/hub/session/42a5c5a2-ff77-4ab6-a462-e8e82262e7bd/element/a88b9047-07f2-4990-99a7-e84e13713352/text
2020-04-19 08:45:02:862 [HTTP] {}
2020-04-19 08:45:02:867 [W3C (42a5c5a2)] Driver proxy active, passing request on via HTTP proxy
2020-04-19 08:45:02:871 [WD Proxy] Matched '/wd/hub/session/42a5c5a2-ff77-4ab6-a462-e8e82262e7bd/element/a88b9047-07f2-4990-99a7-e84e13713352/text' to command name 'getText'
2020-04-19 08:45:02:873 [WD Proxy] Proxying [GET /wd/hub/session/42a5c5a2-ff77-4ab6-a462-e8e82262e7bd/element/a88b9047-07f2-4990-99a7-e84e13713352/text] to [GET http://127.0.0.1:8206/wd/hub/session/fa808553-b774-491a-a250-1b98292fc11a/element/a88b9047-07f2-4990-99a7-e84e13713352/text] with body: {}
2020-04-19 08:45:02:905 [WD Proxy] Got response with status 200: {"sessionId":"fa808553-b774-491a-a250-1b98292fc11a","value":"PG 3"}
2020-04-19 08:45:02:907 [WD Proxy] Replacing sessionId fa808553-b774-491a-a250-1b98292fc11a with 42a5c5a2-ff77-4ab6-a462-e8e82262e7bd
2020-04-19 08:45:02:911 [HTTP] <-- GET /wd/hub/session/42a5c5a2-ff77-4ab6-a462-e8e82262e7bd/element/a88b9047-07f2-4990-99a7-e84e13713352/text 200 48 ms - 67
2020-04-19 08:45:02:912 [HTTP] 
2020-04-19 08:45:02:920 [HTTP] --> POST /wd/hub/session/42a5c5a2-ff77-4ab6-a462-e8e82262e7bd/elements
2020-04-19 08:45:02:923 [HTTP] {"using":"id","value":"com.androidsample.generalstore:id/productPrice"}
2020-04-19 08:45:02:925 [W3C (42a5c5a2)] Calling AppiumDriver.findElements() with args: ["id","com.androidsample.generalstore:id/productPrice","42a5c5a2-ff77-4ab6-a462-e8e82262e7bd"]
2020-04-19 08:45:02:928 [BaseDriver] Valid locator strategies for this request: xpath, id, class name, accessibility id, -android uiautomator
2020-04-19 08:45:02:932 [BaseDriver] Waiting up to 10000 ms for condition
2020-04-19 08:45:02:934 [WD Proxy] Matched '/elements' to command name 'findElements'
2020-04-19 08:45:02:940 [WD Proxy] Proxying [POST /elements] to [POST http://127.0.0.1:8206/wd/hub/session/fa808553-b774-491a-a250-1b98292fc11a/elements] with body: {"strategy":"id","selector":"com.androidsample.generalstore:id/productPrice","context":"","multiple":true}
2020-04-19 08:45:02:989 [WD Proxy] Got response with status 200: {"sessionId":"fa808553-b774-491a-a250-1b98292fc11a","value":[{"ELEMENT":"1efbba54-38c3-4a2d-b992-84d72688a23a","element-6066-11e4-a52e-4f735466cecf":"1efbba54-38c3-4a2d-b992-84d72688a23a"},{"ELEMENT":"79d42fb4-50d5-495c-abe6-44e5e3afec2d","element-6066-11e4-a52e-4f735466cecf":"79d42fb4-50d5-495c-abe6-44e5e3afec2d"}]}
2020-04-19 08:45:02:993 [W3C (42a5c5a2)] Responding to client with driver.findElements() result: [{"element-6066-11e4-a52e-4f735466cecf":"1efbba54-38c3-4a2d-b992-84d72688a23a","ELEMENT":"1efbba54-38c3-4a2d-b992-84d72688a23a"},{"element-6066-11e4-a52e-4f735466cecf":"79d42fb4-50d5-495c-abe6-44e5e3afec2d","ELEMENT":"79d42fb4-50d5-495c-abe6-44e5e3afec2d"}]
2020-04-19 08:45:02:996 [HTTP] <-- POST /wd/hub/session/42a5c5a2-ff77-4ab6-a462-e8e82262e7bd/elements 200 75 ms - 267
2020-04-19 08:45:03:003 [HTTP] 
2020-04-19 08:45:03:007 [HTTP] --> GET /wd/hub/session/42a5c5a2-ff77-4ab6-a462-e8e82262e7bd/element/79d42fb4-50d5-495c-abe6-44e5e3afec2d/text
2020-04-19 08:45:03:010 [HTTP] {}
2020-04-19 08:45:03:014 [W3C (42a5c5a2)] Driver proxy active, passing request on via HTTP proxy
2020-04-19 08:45:03:021 [WD Proxy] Matched '/wd/hub/session/42a5c5a2-ff77-4ab6-a462-e8e82262e7bd/element/79d42fb4-50d5-495c-abe6-44e5e3afec2d/text' to command name 'getText'
2020-04-19 08:45:03:024 [WD Proxy] Proxying [GET /wd/hub/session/42a5c5a2-ff77-4ab6-a462-e8e82262e7bd/element/79d42fb4-50d5-495c-abe6-44e5e3afec2d/text] to [GET http://127.0.0.1:8206/wd/hub/session/fa808553-b774-491a-a250-1b98292fc11a/element/79d42fb4-50d5-495c-abe6-44e5e3afec2d/text] with body: {}
2020-04-19 08:45:03:054 [WD Proxy] Got response with status 200: {"sessionId":"fa808553-b774-491a-a250-1b98292fc11a","value":"$110.0"}
2020-04-19 08:45:03:056 [WD Proxy] Replacing sessionId fa808553-b774-491a-a250-1b98292fc11a with 42a5c5a2-ff77-4ab6-a462-e8e82262e7bd
2020-04-19 08:45:03:061 [HTTP] <-- GET /wd/hub/session/42a5c5a2-ff77-4ab6-a462-e8e82262e7bd/element/79d42fb4-50d5-495c-abe6-44e5e3afec2d/text 200 52 ms - 69
2020-04-19 08:45:03:063 [HTTP] 
2020-04-19 08:45:03:067 [HTTP] --> POST /wd/hub/session/42a5c5a2-ff77-4ab6-a462-e8e82262e7bd/elements
2020-04-19 08:45:03:071 [HTTP] {"using":"id","value":"com.androidsample.generalstore:id/productAddCart"}
2020-04-19 08:45:03:074 [W3C (42a5c5a2)] Calling AppiumDriver.findElements() with args: ["id","com.androidsample.generalstore:id/productAddCart","42a5c5a2-ff77-4ab6-a462-e8e82262e7bd"]
2020-04-19 08:45:03:079 [BaseDriver] Valid locator strategies for this request: xpath, id, class name, accessibility id, -android uiautomator
2020-04-19 08:45:03:083 [BaseDriver] Waiting up to 10000 ms for condition
2020-04-19 08:45:03:088 [WD Proxy] Matched '/elements' to command name 'findElements'
2020-04-19 08:45:03:092 [WD Proxy] Proxying [POST /elements] to [POST http://127.0.0.1:8206/wd/hub/session/fa808553-b774-491a-a250-1b98292fc11a/elements] with body: {"strategy":"id","selector":"com.androidsample.generalstore:id/productAddCart","context":"","multiple":true}
2020-04-19 08:45:03:132 [WD Proxy] Got response with status 200: {"sessionId":"fa808553-b774-491a-a250-1b98292fc11a","value":[{"ELEMENT":"cff1a730-9f26-44b6-8d4f-39ac35bf41c7","element-6066-11e4-a52e-4f735466cecf":"cff1a730-9f26-44b6-8d4f-39ac35bf41c7"},{"ELEMENT":"f7be1e38-0a81-4baa-9d5e-fc52cd63ba42","element-6066-11e4-a52e-4f735466cecf":"f7be1e38-0a81-4baa-9d5e-fc52cd63ba42"}]}
2020-04-19 08:45:03:138 [W3C (42a5c5a2)] Responding to client with driver.findElements() result: [{"element-6066-11e4-a52e-4f735466cecf":"cff1a730-9f26-44b6-8d4f-39ac35bf41c7","ELEMENT":"cff1a730-9f26-44b6-8d4f-39ac35bf41c7"},{"element-6066-11e4-a52e-4f735466cecf":"f7be1e38-0a81-4baa-9d5e-fc52cd63ba42","ELEMENT":"f7be1e38-0a81-4baa-9d5e-fc52cd63ba42"}]
2020-04-19 08:45:03:149 [HTTP] <-- POST /wd/hub/session/42a5c5a2-ff77-4ab6-a462-e8e82262e7bd/elements 200 74 ms - 267
2020-04-19 08:45:03:151 [HTTP] 
2020-04-19 08:45:03:154 [HTTP] --> POST /wd/hub/session/42a5c5a2-ff77-4ab6-a462-e8e82262e7bd/element/f7be1e38-0a81-4baa-9d5e-fc52cd63ba42/click
2020-04-19 08:45:03:158 [HTTP] {"id":"f7be1e38-0a81-4baa-9d5e-fc52cd63ba42"}
2020-04-19 08:45:03:160 [W3C (42a5c5a2)] Calling AppiumDriver.click() with args: ["f7be1e38-0a81-4baa-9d5e-fc52cd63ba42","42a5c5a2-ff77-4ab6-a462-e8e82262e7bd"]
2020-04-19 08:45:03:165 [WD Proxy] Matched '/element/f7be1e38-0a81-4baa-9d5e-fc52cd63ba42/click' to command name 'click'
2020-04-19 08:45:03:170 [WD Proxy] Proxying [POST /element/f7be1e38-0a81-4baa-9d5e-fc52cd63ba42/click] to [POST http://127.0.0.1:8206/wd/hub/session/fa808553-b774-491a-a250-1b98292fc11a/element/f7be1e38-0a81-4baa-9d5e-fc52cd63ba42/click] with body: {"element":"f7be1e38-0a81-4baa-9d5e-fc52cd63ba42"}
2020-04-19 08:45:03:226 [WD Proxy] Got response with status 200: {"sessionId":"fa808553-b774-491a-a250-1b98292fc11a","value":null}
2020-04-19 08:45:03:232 [W3C (42a5c5a2)] Responding to client with driver.click() result: null
2020-04-19 08:45:03:238 [HTTP] <-- POST /wd/hub/session/42a5c5a2-ff77-4ab6-a462-e8e82262e7bd/element/f7be1e38-0a81-4baa-9d5e-fc52cd63ba42/click 200 81 ms - 14
2020-04-19 08:45:03:242 [HTTP] 
2020-04-19 08:45:03:245 [HTTP] --> POST /wd/hub/session/42a5c5a2-ff77-4ab6-a462-e8e82262e7bd/element
2020-04-19 08:45:03:247 [HTTP] {"using":"id","value":"com.androidsample.generalstore:id/appbar_btn_cart"}
2020-04-19 08:45:03:253 [W3C (42a5c5a2)] Calling AppiumDriver.findElement() with args: ["id","com.androidsample.generalstore:id/appbar_btn_cart","42a5c5a2-ff77-4ab6-a462-e8e82262e7bd"]
2020-04-19 08:45:03:255 [BaseDriver] Valid locator strategies for this request: xpath, id, class name, accessibility id, -android uiautomator
2020-04-19 08:45:03:258 [BaseDriver] Waiting up to 10000 ms for condition
2020-04-19 08:45:03:260 [WD Proxy] Matched '/element' to command name 'findElement'
2020-04-19 08:45:03:263 [WD Proxy] Proxying [POST /element] to [POST http://127.0.0.1:8206/wd/hub/session/fa808553-b774-491a-a250-1b98292fc11a/element] with body: {"strategy":"id","selector":"com.androidsample.generalstore:id/appbar_btn_cart","context":"","multiple":false}
2020-04-19 08:45:03:763 [WD Proxy] Got response with status 200: {"sessionId":"fa808553-b774-491a-a250-1b98292fc11a","value":{"ELEMENT":"8cc2c303-2b48-4f88-b44e-a756887013a3","element-6066-11e4-a52e-4f735466cecf":"8cc2c303-2b48-4f88-b44e-a756887013a3"}}
2020-04-19 08:45:03:768 [W3C (42a5c5a2)] Responding to client with driver.findElement() result: {"element-6066-11e4-a52e-4f735466cecf":"8cc2c303-2b48-4f88-b44e-a756887013a3","ELEMENT":"8cc2c303-2b48-4f88-b44e-a756887013a3"}
2020-04-19 08:45:03:777 [HTTP] <-- POST /wd/hub/session/42a5c5a2-ff77-4ab6-a462-e8e82262e7bd/element 200 526 ms - 137
2020-04-19 08:45:03:781 [HTTP] 
2020-04-19 08:45:03:788 [HTTP] --> POST /wd/hub/session/42a5c5a2-ff77-4ab6-a462-e8e82262e7bd/element/8cc2c303-2b48-4f88-b44e-a756887013a3/click
2020-04-19 08:45:03:793 [HTTP] {"id":"8cc2c303-2b48-4f88-b44e-a756887013a3"}
2020-04-19 08:45:03:801 [W3C (42a5c5a2)] Calling AppiumDriver.click() with args: ["8cc2c303-2b48-4f88-b44e-a756887013a3","42a5c5a2-ff77-4ab6-a462-e8e82262e7bd"]
2020-04-19 08:45:03:805 [WD Proxy] Matched '/element/8cc2c303-2b48-4f88-b44e-a756887013a3/click' to command name 'click'
2020-04-19 08:45:03:808 [WD Proxy] Proxying [POST /element/8cc2c303-2b48-4f88-b44e-a756887013a3/click] to [POST http://127.0.0.1:8206/wd/hub/session/fa808553-b774-491a-a250-1b98292fc11a/element/8cc2c303-2b48-4f88-b44e-a756887013a3/click] with body: {"element":"8cc2c303-2b48-4f88-b44e-a756887013a3"}
2020-04-19 08:45:03:913 [WD Proxy] Got response with status 200: {"sessionId":"fa808553-b774-491a-a250-1b98292fc11a","value":null}
2020-04-19 08:45:03:921 [W3C (42a5c5a2)] Responding to client with driver.click() result: null
2020-04-19 08:45:03:930 [HTTP] <-- POST /wd/hub/session/42a5c5a2-ff77-4ab6-a462-e8e82262e7bd/element/8cc2c303-2b48-4f88-b44e-a756887013a3/click 200 138 ms - 14
2020-04-19 08:45:03:935 [HTTP] 
2020-04-19 08:45:03:941 [HTTP] --> POST /wd/hub/session/42a5c5a2-ff77-4ab6-a462-e8e82262e7bd/element
2020-04-19 08:45:03:945 [HTTP] {"using":"-android uiautomator","value":"text(\"Nike Blazer Mid '77\")"}
2020-04-19 08:45:03:948 [W3C (42a5c5a2)] Calling AppiumDriver.findElement() with args: ["-android uiautomator","text(\"Nike Blazer Mid '77\")","42a5c5a2-ff77-4ab6-a462-e8e82262e7bd"]
2020-04-19 08:45:03:953 [BaseDriver] Valid locator strategies for this request: xpath, id, class name, accessibility id, -android uiautomator
2020-04-19 08:45:03:954 [BaseDriver] Waiting up to 10000 ms for condition
2020-04-19 08:45:03:959 [WD Proxy] Matched '/element' to command name 'findElement'
2020-04-19 08:45:03:964 [WD Proxy] Proxying [POST /element] to [POST http://127.0.0.1:8206/wd/hub/session/fa808553-b774-491a-a250-1b98292fc11a/element] with body: {"strategy":"-android uiautomator","selector":"text(\"Nike Blazer Mid '77\")","context":"","multiple":false}
2020-04-19 08:45:04:098 [WD Proxy] Got response with status 404: {"sessionId":"fa808553-b774-491a-a250-1b98292fc11a","value":{"error":"no such element","message":"An element could not be located on the page using the given search parameters","stacktrace":"io.appium.uiautomator2.common.exceptions.ElementNotFoundException: An element could not be located on the page using the given search parameters\n\tat io.appium.uiautomator2.handler.FindElement.safeHandle(FindElement.java:78)\n\tat io.appium.uiautomator2.handler.request.SafeRequestHandler.handle(SafeRequestHandler.java:38)\n\tat io.appium.uiautomator2.server.AppiumServlet.handleRequest(AppiumServlet.java:252)\n\tat io.appium.uiautomator2.server.AppiumServlet.handleHttpRequest(AppiumServlet.java:242)\n\tat io.appium.uiautomator2.http.ServerHandler.channelRead(ServerHandler.java:51)\n\tat io.netty.channel.AbstractChannelHandlerContext.invokeChannelRead(AbstractChannelHandlerContext.java:366)\n\tat io.netty.channel.AbstractChannelHandlerContext.invokeChannelRead(AbstractChannelHandlerContext.java:352)\n\tat io.netty.chann...
2020-04-19 08:45:04:101 [W3C] Matched W3C error code 'no such element' to NoSuchElementError
2020-04-19 08:45:04:103 [BaseDriver] Waited for 147 ms so far
2020-04-19 08:45:04:609 [WD Proxy] Matched '/element' to command name 'findElement'
2020-04-19 08:45:04:610 [WD Proxy] Proxying [POST /element] to [POST http://127.0.0.1:8206/wd/hub/session/fa808553-b774-491a-a250-1b98292fc11a/element] with body: {"strategy":"-android uiautomator","selector":"text(\"Nike Blazer Mid '77\")","context":"","multiple":false}
2020-04-19 08:45:05:157 [WD Proxy] Got response with status 404: {"sessionId":"fa808553-b774-491a-a250-1b98292fc11a","value":{"error":"no such element","message":"An element could not be located on the page using the given search parameters","stacktrace":"io.appium.uiautomator2.common.exceptions.ElementNotFoundException: An element could not be located on the page using the given search parameters\n\tat io.appium.uiautomator2.handler.FindElement.safeHandle(FindElement.java:78)\n\tat io.appium.uiautomator2.handler.request.SafeRequestHandler.handle(SafeRequestHandler.java:38)\n\tat io.appium.uiautomator2.server.AppiumServlet.handleRequest(AppiumServlet.java:252)\n\tat io.appium.uiautomator2.server.AppiumServlet.handleHttpRequest(AppiumServlet.java:242)\n\tat io.appium.uiautomator2.http.ServerHandler.channelRead(ServerHandler.java:51)\n\tat io.netty.channel.AbstractChannelHandlerContext.invokeChannelRead(AbstractChannelHandlerContext.java:366)\n\tat io.netty.channel.AbstractChannelHandlerContext.invokeChannelRead(AbstractChannelHandlerContext.java:352)\n\tat io.netty.chann...
2020-04-19 08:45:05:161 [W3C] Matched W3C error code 'no such element' to NoSuchElementError
2020-04-19 08:45:05:162 [BaseDriver] Waited for 1207 ms so far
2020-04-19 08:45:05:670 [WD Proxy] Matched '/element' to command name 'findElement'
2020-04-19 08:45:05:673 [WD Proxy] Proxying [POST /element] to [POST http://127.0.0.1:8206/wd/hub/session/fa808553-b774-491a-a250-1b98292fc11a/element] with body: {"strategy":"-android uiautomator","selector":"text(\"Nike Blazer Mid '77\")","context":"","multiple":false}
2020-04-19 08:45:05:785 [WD Proxy] Got response with status 404: {"sessionId":"fa808553-b774-491a-a250-1b98292fc11a","value":{"error":"no such element","message":"An element could not be located on the page using the given search parameters","stacktrace":"io.appium.uiautomator2.common.exceptions.ElementNotFoundException: An element could not be located on the page using the given search parameters\n\tat io.appium.uiautomator2.handler.FindElement.safeHandle(FindElement.java:78)\n\tat io.appium.uiautomator2.handler.request.SafeRequestHandler.handle(SafeRequestHandler.java:38)\n\tat io.appium.uiautomator2.server.AppiumServlet.handleRequest(AppiumServlet.java:252)\n\tat io.appium.uiautomator2.server.AppiumServlet.handleHttpRequest(AppiumServlet.java:242)\n\tat io.appium.uiautomator2.http.ServerHandler.channelRead(ServerHandler.java:51)\n\tat io.netty.channel.AbstractChannelHandlerContext.invokeChannelRead(AbstractChannelHandlerContext.java:366)\n\tat io.netty.channel.AbstractChannelHandlerContext.invokeChannelRead(AbstractChannelHandlerContext.java:352)\n\tat io.netty.chann...
2020-04-19 08:45:05:789 [W3C] Matched W3C error code 'no such element' to NoSuchElementError
2020-04-19 08:45:05:794 [BaseDriver] Waited for 1836 ms so far
2020-04-19 08:45:06:302 [WD Proxy] Matched '/element' to command name 'findElement'
2020-04-19 08:45:06:305 [WD Proxy] Proxying [POST /element] to [POST http://127.0.0.1:8206/wd/hub/session/fa808553-b774-491a-a250-1b98292fc11a/element] with body: {"strategy":"-android uiautomator","selector":"text(\"Nike Blazer Mid '77\")","context":"","multiple":false}
2020-04-19 08:45:06:399 [WD Proxy] Got response with status 404: {"sessionId":"fa808553-b774-491a-a250-1b98292fc11a","value":{"error":"no such element","message":"An element could not be located on the page using the given search parameters","stacktrace":"io.appium.uiautomator2.common.exceptions.ElementNotFoundException: An element could not be located on the page using the given search parameters\n\tat io.appium.uiautomator2.handler.FindElement.safeHandle(FindElement.java:78)\n\tat io.appium.uiautomator2.handler.request.SafeRequestHandler.handle(SafeRequestHandler.java:38)\n\tat io.appium.uiautomator2.server.AppiumServlet.handleRequest(AppiumServlet.java:252)\n\tat io.appium.uiautomator2.server.AppiumServlet.handleHttpRequest(AppiumServlet.java:242)\n\tat io.appium.uiautomator2.http.ServerHandler.channelRead(ServerHandler.java:51)\n\tat io.netty.channel.AbstractChannelHandlerContext.invokeChannelRead(AbstractChannelHandlerContext.java:366)\n\tat io.netty.channel.AbstractChannelHandlerContext.invokeChannelRead(AbstractChannelHandlerContext.java:352)\n\tat io.netty.chann...
2020-04-19 08:45:06:401 [W3C] Matched W3C error code 'no such element' to NoSuchElementError
2020-04-19 08:45:06:404 [BaseDriver] Waited for 2448 ms so far
2020-04-19 08:45:06:913 [WD Proxy] Matched '/element' to command name 'findElement'
2020-04-19 08:45:06:920 [WD Proxy] Proxying [POST /element] to [POST http://127.0.0.1:8206/wd/hub/session/fa808553-b774-491a-a250-1b98292fc11a/element] with body: {"strategy":"-android uiautomator","selector":"text(\"Nike Blazer Mid '77\")","context":"","multiple":false}
2020-04-19 08:45:07:014 [WD Proxy] Got response with status 404: {"sessionId":"fa808553-b774-491a-a250-1b98292fc11a","value":{"error":"no such element","message":"An element could not be located on the page using the given search parameters","stacktrace":"io.appium.uiautomator2.common.exceptions.ElementNotFoundException: An element could not be located on the page using the given search parameters\n\tat io.appium.uiautomator2.handler.FindElement.safeHandle(FindElement.java:78)\n\tat io.appium.uiautomator2.handler.request.SafeRequestHandler.handle(SafeRequestHandler.java:38)\n\tat io.appium.uiautomator2.server.AppiumServlet.handleRequest(AppiumServlet.java:252)\n\tat io.appium.uiautomator2.server.AppiumServlet.handleHttpRequest(AppiumServlet.java:242)\n\tat io.appium.uiautomator2.http.ServerHandler.channelRead(ServerHandler.java:51)\n\tat io.netty.channel.AbstractChannelHandlerContext.invokeChannelRead(AbstractChannelHandlerContext.java:366)\n\tat io.netty.channel.AbstractChannelHandlerContext.invokeChannelRead(AbstractChannelHandlerContext.java:352)\n\tat io.netty.chann...
2020-04-19 08:45:07:019 [W3C] Matched W3C error code 'no such element' to NoSuchElementError
2020-04-19 08:45:07:022 [BaseDriver] Waited for 3066 ms so far
2020-04-19 08:45:07:529 [WD Proxy] Matched '/element' to command name 'findElement'
2020-04-19 08:45:07:533 [WD Proxy] Proxying [POST /element] to [POST http://127.0.0.1:8206/wd/hub/session/fa808553-b774-491a-a250-1b98292fc11a/element] with body: {"strategy":"-android uiautomator","selector":"text(\"Nike Blazer Mid '77\")","context":"","multiple":false}
2020-04-19 08:45:07:602 [WD Proxy] Got response with status 404: {"sessionId":"fa808553-b774-491a-a250-1b98292fc11a","value":{"error":"no such element","message":"An element could not be located on the page using the given search parameters","stacktrace":"io.appium.uiautomator2.common.exceptions.ElementNotFoundException: An element could not be located on the page using the given search parameters\n\tat io.appium.uiautomator2.handler.FindElement.safeHandle(FindElement.java:78)\n\tat io.appium.uiautomator2.handler.request.SafeRequestHandler.handle(SafeRequestHandler.java:38)\n\tat io.appium.uiautomator2.server.AppiumServlet.handleRequest(AppiumServlet.java:252)\n\tat io.appium.uiautomator2.server.AppiumServlet.handleHttpRequest(AppiumServlet.java:242)\n\tat io.appium.uiautomator2.http.ServerHandler.channelRead(ServerHandler.java:51)\n\tat io.netty.channel.AbstractChannelHandlerContext.invokeChannelRead(AbstractChannelHandlerContext.java:366)\n\tat io.netty.channel.AbstractChannelHandlerContext.invokeChannelRead(AbstractChannelHandlerContext.java:352)\n\tat io.netty.chann...
2020-04-19 08:45:07:606 [W3C] Matched W3C error code 'no such element' to NoSuchElementError
2020-04-19 08:45:07:609 [BaseDriver] Waited for 3653 ms so far
2020-04-19 08:45:08:116 [WD Proxy] Matched '/element' to command name 'findElement'
2020-04-19 08:45:08:122 [WD Proxy] Proxying [POST /element] to [POST http://127.0.0.1:8206/wd/hub/session/fa808553-b774-491a-a250-1b98292fc11a/element] with body: {"strategy":"-android uiautomator","selector":"text(\"Nike Blazer Mid '77\")","context":"","multiple":false}
2020-04-19 08:45:08:197 [WD Proxy] Got response with status 404: {"sessionId":"fa808553-b774-491a-a250-1b98292fc11a","value":{"error":"no such element","message":"An element could not be located on the page using the given search parameters","stacktrace":"io.appium.uiautomator2.common.exceptions.ElementNotFoundException: An element could not be located on the page using the given search parameters\n\tat io.appium.uiautomator2.handler.FindElement.safeHandle(FindElement.java:78)\n\tat io.appium.uiautomator2.handler.request.SafeRequestHandler.handle(SafeRequestHandler.java:38)\n\tat io.appium.uiautomator2.server.AppiumServlet.handleRequest(AppiumServlet.java:252)\n\tat io.appium.uiautomator2.server.AppiumServlet.handleHttpRequest(AppiumServlet.java:242)\n\tat io.appium.uiautomator2.http.ServerHandler.channelRead(ServerHandler.java:51)\n\tat io.netty.channel.AbstractChannelHandlerContext.invokeChannelRead(AbstractChannelHandlerContext.java:366)\n\tat io.netty.channel.AbstractChannelHandlerContext.invokeChannelRead(AbstractChannelHandlerContext.java:352)\n\tat io.netty.chann...
2020-04-19 08:45:08:201 [W3C] Matched W3C error code 'no such element' to NoSuchElementError
2020-04-19 08:45:08:206 [BaseDriver] Waited for 4247 ms so far
2020-04-19 08:45:08:713 [WD Proxy] Matched '/element' to command name 'findElement'
2020-04-19 08:45:08:720 [WD Proxy] Proxying [POST /element] to [POST http://127.0.0.1:8206/wd/hub/session/fa808553-b774-491a-a250-1b98292fc11a/element] with body: {"strategy":"-android uiautomator","selector":"text(\"Nike Blazer Mid '77\")","context":"","multiple":false}
2020-04-19 08:45:08:794 [WD Proxy] Got response with status 404: {"sessionId":"fa808553-b774-491a-a250-1b98292fc11a","value":{"error":"no such element","message":"An element could not be located on the page using the given search parameters","stacktrace":"io.appium.uiautomator2.common.exceptions.ElementNotFoundException: An element could not be located on the page using the given search parameters\n\tat io.appium.uiautomator2.handler.FindElement.safeHandle(FindElement.java:78)\n\tat io.appium.uiautomator2.handler.request.SafeRequestHandler.handle(SafeRequestHandler.java:38)\n\tat io.appium.uiautomator2.server.AppiumServlet.handleRequest(AppiumServlet.java:252)\n\tat io.appium.uiautomator2.server.AppiumServlet.handleHttpRequest(AppiumServlet.java:242)\n\tat io.appium.uiautomator2.http.ServerHandler.channelRead(ServerHandler.java:51)\n\tat io.netty.channel.AbstractChannelHandlerContext.invokeChannelRead(AbstractChannelHandlerContext.java:366)\n\tat io.netty.channel.AbstractChannelHandlerContext.invokeChannelRead(AbstractChannelHandlerContext.java:352)\n\tat io.netty.chann...
2020-04-19 08:45:08:798 [W3C] Matched W3C error code 'no such element' to NoSuchElementError
2020-04-19 08:45:08:800 [BaseDriver] Waited for 4844 ms so far
2020-04-19 08:45:09:307 [WD Proxy] Matched '/element' to command name 'findElement'
2020-04-19 08:45:09:311 [WD Proxy] Proxying [POST /element] to [POST http://127.0.0.1:8206/wd/hub/session/fa808553-b774-491a-a250-1b98292fc11a/element] with body: {"strategy":"-android uiautomator","selector":"text(\"Nike Blazer Mid '77\")","context":"","multiple":false}
2020-04-19 08:45:09:399 [WD Proxy] Got response with status 404: {"sessionId":"fa808553-b774-491a-a250-1b98292fc11a","value":{"error":"no such element","message":"An element could not be located on the page using the given search parameters","stacktrace":"io.appium.uiautomator2.common.exceptions.ElementNotFoundException: An element could not be located on the page using the given search parameters\n\tat io.appium.uiautomator2.handler.FindElement.safeHandle(FindElement.java:78)\n\tat io.appium.uiautomator2.handler.request.SafeRequestHandler.handle(SafeRequestHandler.java:38)\n\tat io.appium.uiautomator2.server.AppiumServlet.handleRequest(AppiumServlet.java:252)\n\tat io.appium.uiautomator2.server.AppiumServlet.handleHttpRequest(AppiumServlet.java:242)\n\tat io.appium.uiautomator2.http.ServerHandler.channelRead(ServerHandler.java:51)\n\tat io.netty.channel.AbstractChannelHandlerContext.invokeChannelRead(AbstractChannelHandlerContext.java:366)\n\tat io.netty.channel.AbstractChannelHandlerContext.invokeChannelRead(AbstractChannelHandlerContext.java:352)\n\tat io.netty.chann...
2020-04-19 08:45:09:401 [W3C] Matched W3C error code 'no such element' to NoSuchElementError
2020-04-19 08:45:09:403 [BaseDriver] Waited for 5448 ms so far
2020-04-19 08:45:09:908 [WD Proxy] Matched '/element' to command name 'findElement'
2020-04-19 08:45:09:913 [WD Proxy] Proxying [POST /element] to [POST http://127.0.0.1:8206/wd/hub/session/fa808553-b774-491a-a250-1b98292fc11a/element] with body: {"strategy":"-android uiautomator","selector":"text(\"Nike Blazer Mid '77\")","context":"","multiple":false}
2020-04-19 08:45:09:955 [WD Proxy] Got response with status 404: {"sessionId":"fa808553-b774-491a-a250-1b98292fc11a","value":{"error":"no such element","message":"An element could not be located on the page using the given search parameters","stacktrace":"io.appium.uiautomator2.common.exceptions.ElementNotFoundException: An element could not be located on the page using the given search parameters\n\tat io.appium.uiautomator2.handler.FindElement.safeHandle(FindElement.java:78)\n\tat io.appium.uiautomator2.handler.request.SafeRequestHandler.handle(SafeRequestHandler.java:38)\n\tat io.appium.uiautomator2.server.AppiumServlet.handleRequest(AppiumServlet.java:252)\n\tat io.appium.uiautomator2.server.AppiumServlet.handleHttpRequest(AppiumServlet.java:242)\n\tat io.appium.uiautomator2.http.ServerHandler.channelRead(ServerHandler.java:51)\n\tat io.netty.channel.AbstractChannelHandlerContext.invokeChannelRead(AbstractChannelHandlerContext.java:366)\n\tat io.netty.channel.AbstractChannelHandlerContext.invokeChannelRead(AbstractChannelHandlerContext.java:352)\n\tat io.netty.chann...
2020-04-19 08:45:09:960 [W3C] Matched W3C error code 'no such element' to NoSuchElementError
2020-04-19 08:45:09:962 [BaseDriver] Waited for 6006 ms so far
2020-04-19 08:45:10:471 [WD Proxy] Matched '/element' to command name 'findElement'
2020-04-19 08:45:10:476 [WD Proxy] Proxying [POST /element] to [POST http://127.0.0.1:8206/wd/hub/session/fa808553-b774-491a-a250-1b98292fc11a/element] with body: {"strategy":"-android uiautomator","selector":"text(\"Nike Blazer Mid '77\")","context":"","multiple":false}
2020-04-19 08:45:10:556 [WD Proxy] Got response with status 404: {"sessionId":"fa808553-b774-491a-a250-1b98292fc11a","value":{"error":"no such element","message":"An element could not be located on the page using the given search parameters","stacktrace":"io.appium.uiautomator2.common.exceptions.ElementNotFoundException: An element could not be located on the page using the given search parameters\n\tat io.appium.uiautomator2.handler.FindElement.safeHandle(FindElement.java:78)\n\tat io.appium.uiautomator2.handler.request.SafeRequestHandler.handle(SafeRequestHandler.java:38)\n\tat io.appium.uiautomator2.server.AppiumServlet.handleRequest(AppiumServlet.java:252)\n\tat io.appium.uiautomator2.server.AppiumServlet.handleHttpRequest(AppiumServlet.java:242)\n\tat io.appium.uiautomator2.http.ServerHandler.channelRead(ServerHandler.java:51)\n\tat io.netty.channel.AbstractChannelHandlerContext.invokeChannelRead(AbstractChannelHandlerContext.java:366)\n\tat io.netty.channel.AbstractChannelHandlerContext.invokeChannelRead(AbstractChannelHandlerContext.java:352)\n\tat io.netty.chann...
2020-04-19 08:45:10:560 [W3C] Matched W3C error code 'no such element' to NoSuchElementError
2020-04-19 08:45:10:563 [BaseDriver] Waited for 6606 ms so far
2020-04-19 08:45:11:071 [WD Proxy] Matched '/element' to command name 'findElement'
2020-04-19 08:45:11:076 [WD Proxy] Proxying [POST /element] to [POST http://127.0.0.1:8206/wd/hub/session/fa808553-b774-491a-a250-1b98292fc11a/element] with body: {"strategy":"-android uiautomator","selector":"text(\"Nike Blazer Mid '77\")","context":"","multiple":false}
2020-04-19 08:45:11:158 [WD Proxy] Got response with status 404: {"sessionId":"fa808553-b774-491a-a250-1b98292fc11a","value":{"error":"no such element","message":"An element could not be located on the page using the given search parameters","stacktrace":"io.appium.uiautomator2.common.exceptions.ElementNotFoundException: An element could not be located on the page using the given search parameters\n\tat io.appium.uiautomator2.handler.FindElement.safeHandle(FindElement.java:78)\n\tat io.appium.uiautomator2.handler.request.SafeRequestHandler.handle(SafeRequestHandler.java:38)\n\tat io.appium.uiautomator2.server.AppiumServlet.handleRequest(AppiumServlet.java:252)\n\tat io.appium.uiautomator2.server.AppiumServlet.handleHttpRequest(AppiumServlet.java:242)\n\tat io.appium.uiautomator2.http.ServerHandler.channelRead(ServerHandler.java:51)\n\tat io.netty.channel.AbstractChannelHandlerContext.invokeChannelRead(AbstractChannelHandlerContext.java:366)\n\tat io.netty.channel.AbstractChannelHandlerContext.invokeChannelRead(AbstractChannelHandlerContext.java:352)\n\tat io.netty.chann...
2020-04-19 08:45:11:162 [W3C] Matched W3C error code 'no such element' to NoSuchElementError
2020-04-19 08:45:11:169 [BaseDriver] Waited for 7209 ms so far
2020-04-19 08:45:11:676 [WD Proxy] Matched '/element' to command name 'findElement'
2020-04-19 08:45:11:681 [WD Proxy] Proxying [POST /element] to [POST http://127.0.0.1:8206/wd/hub/session/fa808553-b774-491a-a250-1b98292fc11a/element] with body: {"strategy":"-android uiautomator","selector":"text(\"Nike Blazer Mid '77\")","context":"","multiple":false}
2020-04-19 08:45:11:762 [WD Proxy] Got response with status 404: {"sessionId":"fa808553-b774-491a-a250-1b98292fc11a","value":{"error":"no such element","message":"An element could not be located on the page using the given search parameters","stacktrace":"io.appium.uiautomator2.common.exceptions.ElementNotFoundException: An element could not be located on the page using the given search parameters\n\tat io.appium.uiautomator2.handler.FindElement.safeHandle(FindElement.java:78)\n\tat io.appium.uiautomator2.handler.request.SafeRequestHandler.handle(SafeRequestHandler.java:38)\n\tat io.appium.uiautomator2.server.AppiumServlet.handleRequest(AppiumServlet.java:252)\n\tat io.appium.uiautomator2.server.AppiumServlet.handleHttpRequest(AppiumServlet.java:242)\n\tat io.appium.uiautomator2.http.ServerHandler.channelRead(ServerHandler.java:51)\n\tat io.netty.channel.AbstractChannelHandlerContext.invokeChannelRead(AbstractChannelHandlerContext.java:366)\n\tat io.netty.channel.AbstractChannelHandlerContext.invokeChannelRead(AbstractChannelHandlerContext.java:352)\n\tat io.netty.chann...
2020-04-19 08:45:11:767 [W3C] Matched W3C error code 'no such element' to NoSuchElementError
2020-04-19 08:45:11:773 [BaseDriver] Waited for 7814 ms so far
2020-04-19 08:45:12:283 [WD Proxy] Matched '/element' to command name 'findElement'
2020-04-19 08:45:12:288 [WD Proxy] Proxying [POST /element] to [POST http://127.0.0.1:8206/wd/hub/session/fa808553-b774-491a-a250-1b98292fc11a/element] with body: {"strategy":"-android uiautomator","selector":"text(\"Nike Blazer Mid '77\")","context":"","multiple":false}
2020-04-19 08:45:12:364 [WD Proxy] Got response with status 404: {"sessionId":"fa808553-b774-491a-a250-1b98292fc11a","value":{"error":"no such element","message":"An element could not be located on the page using the given search parameters","stacktrace":"io.appium.uiautomator2.common.exceptions.ElementNotFoundException: An element could not be located on the page using the given search parameters\n\tat io.appium.uiautomator2.handler.FindElement.safeHandle(FindElement.java:78)\n\tat io.appium.uiautomator2.handler.request.SafeRequestHandler.handle(SafeRequestHandler.java:38)\n\tat io.appium.uiautomator2.server.AppiumServlet.handleRequest(AppiumServlet.java:252)\n\tat io.appium.uiautomator2.server.AppiumServlet.handleHttpRequest(AppiumServlet.java:242)\n\tat io.appium.uiautomator2.http.ServerHandler.channelRead(ServerHandler.java:51)\n\tat io.netty.channel.AbstractChannelHandlerContext.invokeChannelRead(AbstractChannelHandlerContext.java:366)\n\tat io.netty.channel.AbstractChannelHandlerContext.invokeChannelRead(AbstractChannelHandlerContext.java:352)\n\tat io.netty.chann...
2020-04-19 08:45:12:368 [W3C] Matched W3C error code 'no such element' to NoSuchElementError
2020-04-19 08:45:12:374 [BaseDriver] Waited for 8415 ms so far
2020-04-19 08:45:12:882 [WD Proxy] Matched '/element' to command name 'findElement'
2020-04-19 08:45:12:887 [WD Proxy] Proxying [POST /element] to [POST http://127.0.0.1:8206/wd/hub/session/fa808553-b774-491a-a250-1b98292fc11a/element] with body: {"strategy":"-android uiautomator","selector":"text(\"Nike Blazer Mid '77\")","context":"","multiple":false}
2020-04-19 08:45:12:977 [WD Proxy] Got response with status 404: {"sessionId":"fa808553-b774-491a-a250-1b98292fc11a","value":{"error":"no such element","message":"An element could not be located on the page using the given search parameters","stacktrace":"io.appium.uiautomator2.common.exceptions.ElementNotFoundException: An element could not be located on the page using the given search parameters\n\tat io.appium.uiautomator2.handler.FindElement.safeHandle(FindElement.java:78)\n\tat io.appium.uiautomator2.handler.request.SafeRequestHandler.handle(SafeRequestHandler.java:38)\n\tat io.appium.uiautomator2.server.AppiumServlet.handleRequest(AppiumServlet.java:252)\n\tat io.appium.uiautomator2.server.AppiumServlet.handleHttpRequest(AppiumServlet.java:242)\n\tat io.appium.uiautomator2.http.ServerHandler.channelRead(ServerHandler.java:51)\n\tat io.netty.channel.AbstractChannelHandlerContext.invokeChannelRead(AbstractChannelHandlerContext.java:366)\n\tat io.netty.channel.AbstractChannelHandlerContext.invokeChannelRead(AbstractChannelHandlerContext.java:352)\n\tat io.netty.chann...
2020-04-19 08:45:12:982 [W3C] Matched W3C error code 'no such element' to NoSuchElementError
2020-04-19 08:45:12:985 [BaseDriver] Waited for 9028 ms so far
2020-04-19 08:45:13:492 [WD Proxy] Matched '/element' to command name 'findElement'
2020-04-19 08:45:13:497 [WD Proxy] Proxying [POST /element] to [POST http://127.0.0.1:8206/wd/hub/session/fa808553-b774-491a-a250-1b98292fc11a/element] with body: {"strategy":"-android uiautomator","selector":"text(\"Nike Blazer Mid '77\")","context":"","multiple":false}
2020-04-19 08:45:13:565 [WD Proxy] Got response with status 404: {"sessionId":"fa808553-b774-491a-a250-1b98292fc11a","value":{"error":"no such element","message":"An element could not be located on the page using the given search parameters","stacktrace":"io.appium.uiautomator2.common.exceptions.ElementNotFoundException: An element could not be located on the page using the given search parameters\n\tat io.appium.uiautomator2.handler.FindElement.safeHandle(FindElement.java:78)\n\tat io.appium.uiautomator2.handler.request.SafeRequestHandler.handle(SafeRequestHandler.java:38)\n\tat io.appium.uiautomator2.server.AppiumServlet.handleRequest(AppiumServlet.java:252)\n\tat io.appium.uiautomator2.server.AppiumServlet.handleHttpRequest(AppiumServlet.java:242)\n\tat io.appium.uiautomator2.http.ServerHandler.channelRead(ServerHandler.java:51)\n\tat io.netty.channel.AbstractChannelHandlerContext.invokeChannelRead(AbstractChannelHandlerContext.java:366)\n\tat io.netty.channel.AbstractChannelHandlerContext.invokeChannelRead(AbstractChannelHandlerContext.java:352)\n\tat io.netty.chann...
2020-04-19 08:45:13:568 [W3C] Matched W3C error code 'no such element' to NoSuchElementError
2020-04-19 08:45:13:571 [BaseDriver] Waited for 9614 ms so far
2020-04-19 08:45:14:078 [WD Proxy] Matched '/element' to command name 'findElement'
2020-04-19 08:45:14:083 [WD Proxy] Proxying [POST /element] to [POST http://127.0.0.1:8206/wd/hub/session/fa808553-b774-491a-a250-1b98292fc11a/element] with body: {"strategy":"-android uiautomator","selector":"text(\"Nike Blazer Mid '77\")","context":"","multiple":false}
2020-04-19 08:45:14:155 [WD Proxy] Got response with status 404: {"sessionId":"fa808553-b774-491a-a250-1b98292fc11a","value":{"error":"no such element","message":"An element could not be located on the page using the given search parameters","stacktrace":"io.appium.uiautomator2.common.exceptions.ElementNotFoundException: An element could not be located on the page using the given search parameters\n\tat io.appium.uiautomator2.handler.FindElement.safeHandle(FindElement.java:78)\n\tat io.appium.uiautomator2.handler.request.SafeRequestHandler.handle(SafeRequestHandler.java:38)\n\tat io.appium.uiautomator2.server.AppiumServlet.handleRequest(AppiumServlet.java:252)\n\tat io.appium.uiautomator2.server.AppiumServlet.handleHttpRequest(AppiumServlet.java:242)\n\tat io.appium.uiautomator2.http.ServerHandler.channelRead(ServerHandler.java:51)\n\tat io.netty.channel.AbstractChannelHandlerContext.invokeChannelRead(AbstractChannelHandlerContext.java:366)\n\tat io.netty.channel.AbstractChannelHandlerContext.invokeChannelRead(AbstractChannelHandlerContext.java:352)\n\tat io.netty.chann...
2020-04-19 08:45:14:157 [W3C] Matched W3C error code 'no such element' to NoSuchElementError
2020-04-19 08:45:14:186 [W3C (42a5c5a2)] Encountered internal error running command: NoSuchElementError: An element could not be located on the page using the given search parameters.
2020-04-19 08:45:14:191 [W3C (42a5c5a2)]     at AndroidUiautomator2Driver.findElOrEls (C:\Users\nikjain\AppData\Roaming\npm\node_modules\appium\node_modules\appium-android-driver\lib\commands\find.js:75:11)
2020-04-19 08:45:14:199 [HTTP] <-- POST /wd/hub/session/42a5c5a2-ff77-4ab6-a462-e8e82262e7bd/element 404 10255 ms - 421
2020-04-19 08:45:14:203 [HTTP] 
